{"C:\\Users\\user\\Desktop\\personal projects\\deployed apps\\GeoTours\\app.js": {"path":"C:\\Users\\user\\Desktop\\personal projects\\deployed apps\\GeoTours\\app.js","statementMap":{"0":{"start":{"line":1,"column":16},"end":{"line":1,"column":34}},"1":{"start":{"line":2,"column":15},"end":{"line":2,"column":32}},"2":{"start":{"line":3,"column":13},"end":{"line":3,"column":28}},"3":{"start":{"line":4,"column":21},"end":{"line":4,"column":45}},"4":{"start":{"line":5,"column":18},"end":{"line":5,"column":47}},"5":{"start":{"line":6,"column":15},"end":{"line":6,"column":32}},"6":{"start":{"line":7,"column":22},"end":{"line":7,"column":55}},"7":{"start":{"line":8,"column":12},"end":{"line":8,"column":32}},"8":{"start":{"line":9,"column":12},"end":{"line":9,"column":26}},"9":{"start":{"line":10,"column":13},"end":{"line":10,"column":28}},"10":{"start":{"line":12,"column":20},"end":{"line":12,"column":45}},"11":{"start":{"line":13,"column":20},"end":{"line":13,"column":45}},"12":{"start":{"line":14,"column":20},"end":{"line":14,"column":55}},"13":{"start":{"line":15,"column":21},"end":{"line":15,"column":48}},"14":{"start":{"line":17,"column":12},"end":{"line":17,"column":21}},"15":{"start":{"line":20,"column":0},"end":{"line":20,"column":18}},"16":{"start":{"line":21,"column":0},"end":{"line":21,"column":16}},"17":{"start":{"line":23,"column":0},"end":{"line":23,"column":41}},"18":{"start":{"line":24,"column":0},"end":{"line":24,"column":49}},"19":{"start":{"line":25,"column":0},"end":{"line":25,"column":24}},"20":{"start":{"line":27,"column":0},"end":{"line":29,"column":1}},"21":{"start":{"line":28,"column":2},"end":{"line":28,"column":26}},"22":{"start":{"line":31,"column":0},"end":{"line":31,"column":15}},"23":{"start":{"line":32,"column":0},"end":{"line":32,"column":25}},"24":{"start":{"line":33,"column":16},"end":{"line":36,"column":2}},"25":{"start":{"line":39,"column":0},"end":{"line":39,"column":26}},"26":{"start":{"line":40,"column":0},"end":{"line":40,"column":15}},"27":{"start":{"line":42,"column":0},"end":{"line":42,"column":38}},"28":{"start":{"line":43,"column":0},"end":{"line":43,"column":38}},"29":{"start":{"line":44,"column":0},"end":{"line":44,"column":41}},"30":{"start":{"line":45,"column":0},"end":{"line":45,"column":21}},"31":{"start":{"line":47,"column":0},"end":{"line":54,"column":1}},"32":{"start":{"line":49,"column":2},"end":{"line":49,"column":38}},"33":{"start":{"line":51,"column":2},"end":{"line":53,"column":5}},"34":{"start":{"line":52,"column":4},"end":{"line":52,"column":61}},"35":{"start":{"line":56,"column":0},"end":{"line":56,"column":21}}},"fnMap":{"0":{"name":"(anonymous_0)","decl":{"start":{"line":51,"column":15},"end":{"line":51,"column":16}},"loc":{"start":{"line":51,"column":29},"end":{"line":53,"column":3}},"line":51}},"branchMap":{"0":{"loc":{"start":{"line":27,"column":0},"end":{"line":29,"column":1}},"type":"if","locations":[{"start":{"line":27,"column":0},"end":{"line":29,"column":1}},{"start":{"line":27,"column":0},"end":{"line":29,"column":1}}],"line":27},"1":{"loc":{"start":{"line":47,"column":0},"end":{"line":54,"column":1}},"type":"if","locations":[{"start":{"line":47,"column":0},"end":{"line":54,"column":1}},{"start":{"line":47,"column":0},"end":{"line":54,"column":1}}],"line":47}},"s":{"0":12,"1":12,"2":12,"3":12,"4":12,"5":12,"6":12,"7":12,"8":12,"9":12,"10":12,"11":12,"12":12,"13":12,"14":12,"15":12,"16":12,"17":12,"18":12,"19":12,"20":12,"21":0,"22":12,"23":12,"24":12,"25":12,"26":12,"27":12,"28":12,"29":12,"30":12,"31":12,"32":0,"33":0,"34":0,"35":12},"f":{"0":0},"b":{"0":[0,12],"1":[0,12]},"_coverageSchema":"1a1c01bbd47fc00a2c39e90264f33305004495a9","hash":"930caa91b929c7dd598e4d805d5f053b7cc21050"}
,"C:\\Users\\user\\Desktop\\personal projects\\deployed apps\\GeoTours\\__test__\\utils\\db.js": {"path":"C:\\Users\\user\\Desktop\\personal projects\\deployed apps\\GeoTours\\__test__\\utils\\db.js","statementMap":{"0":{"start":{"line":1,"column":17},"end":{"line":1,"column":36}},"1":{"start":{"line":2,"column":15},"end":{"line":2,"column":32}},"2":{"start":{"line":4,"column":0},"end":{"line":4,"column":34}},"3":{"start":{"line":6,"column":0},"end":{"line":13,"column":2}},"4":{"start":{"line":7,"column":2},"end":{"line":12,"column":5}},"5":{"start":{"line":15,"column":0},"end":{"line":17,"column":2}},"6":{"start":{"line":16,"column":2},"end":{"line":16,"column":36}}},"fnMap":{"0":{"name":"(anonymous_0)","decl":{"start":{"line":6,"column":20},"end":{"line":6,"column":21}},"loc":{"start":{"line":6,"column":32},"end":{"line":13,"column":1}},"line":6},"1":{"name":"(anonymous_1)","decl":{"start":{"line":15,"column":18},"end":{"line":15,"column":19}},"loc":{"start":{"line":15,"column":30},"end":{"line":17,"column":1}},"line":15}},"branchMap":{},"s":{"0":14,"1":14,"2":14,"3":14,"4":18,"5":14,"6":18},"f":{"0":18,"1":18},"b":{},"_coverageSchema":"1a1c01bbd47fc00a2c39e90264f33305004495a9","hash":"3b4b08244cd140a10704d7ae8a3197fe1dc502f9"}
,"C:\\Users\\user\\Desktop\\personal projects\\deployed apps\\GeoTours\\__test__\\utils\\response.js": {"path":"C:\\Users\\user\\Desktop\\personal projects\\deployed apps\\GeoTours\\__test__\\utils\\response.js","statementMap":{"0":{"start":{"line":1,"column":0},"end":{"line":10,"column":2}},"1":{"start":{"line":3,"column":4},"end":{"line":3,"column":25}},"2":{"start":{"line":4,"column":4},"end":{"line":4,"column":16}},"3":{"start":{"line":8,"column":4},"end":{"line":8,"column":16}}},"fnMap":{"0":{"name":"(anonymous_0)","decl":{"start":{"line":2,"column":2},"end":{"line":2,"column":3}},"loc":{"start":{"line":2,"column":17},"end":{"line":5,"column":3}},"line":2},"1":{"name":"(anonymous_1)","decl":{"start":{"line":7,"column":2},"end":{"line":7,"column":3}},"loc":{"start":{"line":7,"column":13},"end":{"line":9,"column":3}},"line":7}},"branchMap":{},"s":{"0":1,"1":0,"2":0,"3":0},"f":{"0":0,"1":0},"b":{},"_coverageSchema":"1a1c01bbd47fc00a2c39e90264f33305004495a9","hash":"cdcb136554bb4658bd2a747bfc7a65955050bfd6"}
,"C:\\Users\\user\\Desktop\\personal projects\\deployed apps\\GeoTours\\controller\\auth.js": {"path":"C:\\Users\\user\\Desktop\\personal projects\\deployed apps\\GeoTours\\controller\\auth.js","statementMap":{"0":{"start":{"line":1,"column":22},"end":{"line":1,"column":37}},"1":{"start":{"line":2,"column":15},"end":{"line":2,"column":32}},"2":{"start":{"line":3,"column":12},"end":{"line":3,"column":35}},"3":{"start":{"line":5,"column":14},"end":{"line":5,"column":40}},"4":{"start":{"line":6,"column":17},"end":{"line":6,"column":45}},"5":{"start":{"line":7,"column":19},"end":{"line":7,"column":49}},"6":{"start":{"line":8,"column":18},"end":{"line":8,"column":43}},"7":{"start":{"line":10,"column":18},"end":{"line":19,"column":1}},"8":{"start":{"line":11,"column":16},"end":{"line":11,"column":30}},"9":{"start":{"line":13,"column":2},"end":{"line":13,"column":28}},"10":{"start":{"line":14,"column":2},"end":{"line":18,"column":5}},"11":{"start":{"line":24,"column":0},"end":{"line":58,"column":3}},"12":{"start":{"line":35,"column":6},"end":{"line":35,"column":14}},"13":{"start":{"line":37,"column":20},"end":{"line":37,"column":50}},"14":{"start":{"line":39,"column":2},"end":{"line":44,"column":3}},"15":{"start":{"line":40,"column":4},"end":{"line":43,"column":7}},"16":{"start":{"line":45,"column":15},"end":{"line":55,"column":4}},"17":{"start":{"line":57,"column":2},"end":{"line":57,"column":28}},"18":{"start":{"line":63,"column":0},"end":{"line":83,"column":3}},"19":{"start":{"line":64,"column":30},"end":{"line":64,"column":38}},"20":{"start":{"line":66,"column":2},"end":{"line":71,"column":3}},"21":{"start":{"line":67,"column":4},"end":{"line":70,"column":7}},"22":{"start":{"line":73,"column":15},"end":{"line":73,"column":65}},"23":{"start":{"line":75,"column":2},"end":{"line":80,"column":3}},"24":{"start":{"line":76,"column":4},"end":{"line":79,"column":7}},"25":{"start":{"line":82,"column":2},"end":{"line":82,"column":28}},"26":{"start":{"line":87,"column":0},"end":{"line":126,"column":3}},"27":{"start":{"line":89,"column":2},"end":{"line":94,"column":3}},"28":{"start":{"line":93,"column":4},"end":{"line":93,"column":52}},"29":{"start":{"line":96,"column":2},"end":{"line":101,"column":3}},"30":{"start":{"line":97,"column":4},"end":{"line":100,"column":7}},"31":{"start":{"line":103,"column":17},"end":{"line":103,"column":75}},"32":{"start":{"line":106,"column":22},"end":{"line":106,"column":53}},"33":{"start":{"line":108,"column":2},"end":{"line":113,"column":3}},"34":{"start":{"line":109,"column":4},"end":{"line":112,"column":7}},"35":{"start":{"line":115,"column":2},"end":{"line":120,"column":3}},"36":{"start":{"line":116,"column":4},"end":{"line":119,"column":7}},"37":{"start":{"line":122,"column":2},"end":{"line":122,"column":25}},"38":{"start":{"line":125,"column":2},"end":{"line":125,"column":9}},"39":{"start":{"line":130,"column":0},"end":{"line":140,"column":2}},"40":{"start":{"line":131,"column":2},"end":{"line":139,"column":4}},"41":{"start":{"line":132,"column":4},"end":{"line":137,"column":5}},"42":{"start":{"line":133,"column":6},"end":{"line":136,"column":9}},"43":{"start":{"line":138,"column":4},"end":{"line":138,"column":11}},"44":{"start":{"line":145,"column":0},"end":{"line":192,"column":3}},"45":{"start":{"line":146,"column":2},"end":{"line":151,"column":3}},"46":{"start":{"line":147,"column":4},"end":{"line":150,"column":7}},"47":{"start":{"line":153,"column":15},"end":{"line":153,"column":61}},"48":{"start":{"line":155,"column":2},"end":{"line":160,"column":3}},"49":{"start":{"line":156,"column":4},"end":{"line":159,"column":7}},"50":{"start":{"line":162,"column":21},"end":{"line":162,"column":47}},"51":{"start":{"line":163,"column":2},"end":{"line":163,"column":49}},"52":{"start":{"line":165,"column":16},"end":{"line":167,"column":37}},"53":{"start":{"line":169,"column":18},"end":{"line":169,"column":172}},"54":{"start":{"line":171,"column":2},"end":{"line":191,"column":3}},"55":{"start":{"line":172,"column":4},"end":{"line":176,"column":7}},"56":{"start":{"line":178,"column":4},"end":{"line":181,"column":7}},"57":{"start":{"line":183,"column":4},"end":{"line":183,"column":21}},"58":{"start":{"line":184,"column":4},"end":{"line":184,"column":40}},"59":{"start":{"line":185,"column":4},"end":{"line":185,"column":42}},"60":{"start":{"line":186,"column":4},"end":{"line":186,"column":51}},"61":{"start":{"line":188,"column":4},"end":{"line":190,"column":6}},"62":{"start":{"line":197,"column":0},"end":{"line":219,"column":3}},"63":{"start":{"line":198,"column":22},"end":{"line":201,"column":18}},"64":{"start":{"line":203,"column":15},"end":{"line":206,"column":4}},"65":{"start":{"line":208,"column":2},"end":{"line":210,"column":3}},"66":{"start":{"line":209,"column":4},"end":{"line":209,"column":58}},"67":{"start":{"line":212,"column":2},"end":{"line":212,"column":36}},"68":{"start":{"line":213,"column":2},"end":{"line":213,"column":50}},"69":{"start":{"line":214,"column":2},"end":{"line":214,"column":38}},"70":{"start":{"line":215,"column":2},"end":{"line":215,"column":40}},"71":{"start":{"line":216,"column":2},"end":{"line":216,"column":20}},"72":{"start":{"line":218,"column":2},"end":{"line":218,"column":28}},"73":{"start":{"line":224,"column":0},"end":{"line":248,"column":3}},"74":{"start":{"line":225,"column":60},"end":{"line":225,"column":68}},"75":{"start":{"line":227,"column":2},"end":{"line":232,"column":3}},"76":{"start":{"line":228,"column":4},"end":{"line":231,"column":7}},"77":{"start":{"line":234,"column":15},"end":{"line":234,"column":68}},"78":{"start":{"line":236,"column":2},"end":{"line":241,"column":3}},"79":{"start":{"line":237,"column":4},"end":{"line":240,"column":7}},"80":{"start":{"line":243,"column":2},"end":{"line":243,"column":30}},"81":{"start":{"line":244,"column":2},"end":{"line":244,"column":41}},"82":{"start":{"line":245,"column":2},"end":{"line":245,"column":20}},"83":{"start":{"line":247,"column":2},"end":{"line":247,"column":28}}},"fnMap":{"0":{"name":"(anonymous_0)","decl":{"start":{"line":10,"column":18},"end":{"line":10,"column":19}},"loc":{"start":{"line":10,"column":45},"end":{"line":19,"column":1}},"line":10},"1":{"name":"(anonymous_1)","decl":{"start":{"line":24,"column":28},"end":{"line":24,"column":29}},"loc":{"start":{"line":24,"column":54},"end":{"line":58,"column":1}},"line":24},"2":{"name":"(anonymous_2)","decl":{"start":{"line":63,"column":27},"end":{"line":63,"column":28}},"loc":{"start":{"line":63,"column":53},"end":{"line":83,"column":1}},"line":63},"3":{"name":"(anonymous_3)","decl":{"start":{"line":87,"column":29},"end":{"line":87,"column":30}},"loc":{"start":{"line":87,"column":55},"end":{"line":126,"column":1}},"line":87},"4":{"name":"(anonymous_4)","decl":{"start":{"line":130,"column":21},"end":{"line":130,"column":22}},"loc":{"start":{"line":130,"column":35},"end":{"line":140,"column":1}},"line":130},"5":{"name":"(anonymous_5)","decl":{"start":{"line":131,"column":9},"end":{"line":131,"column":10}},"loc":{"start":{"line":131,"column":29},"end":{"line":139,"column":3}},"line":131},"6":{"name":"(anonymous_6)","decl":{"start":{"line":145,"column":36},"end":{"line":145,"column":37}},"loc":{"start":{"line":145,"column":62},"end":{"line":192,"column":1}},"line":145},"7":{"name":"(anonymous_7)","decl":{"start":{"line":197,"column":35},"end":{"line":197,"column":36}},"loc":{"start":{"line":197,"column":61},"end":{"line":219,"column":1}},"line":197},"8":{"name":"(anonymous_8)","decl":{"start":{"line":224,"column":36},"end":{"line":224,"column":37}},"loc":{"start":{"line":224,"column":62},"end":{"line":248,"column":1}},"line":224}},"branchMap":{"0":{"loc":{"start":{"line":39,"column":2},"end":{"line":44,"column":3}},"type":"if","locations":[{"start":{"line":39,"column":2},"end":{"line":44,"column":3}},{"start":{"line":39,"column":2},"end":{"line":44,"column":3}}],"line":39},"1":{"loc":{"start":{"line":66,"column":2},"end":{"line":71,"column":3}},"type":"if","locations":[{"start":{"line":66,"column":2},"end":{"line":71,"column":3}},{"start":{"line":66,"column":2},"end":{"line":71,"column":3}}],"line":66},"2":{"loc":{"start":{"line":66,"column":6},"end":{"line":66,"column":25}},"type":"binary-expr","locations":[{"start":{"line":66,"column":6},"end":{"line":66,"column":12}},{"start":{"line":66,"column":16},"end":{"line":66,"column":25}}],"line":66},"3":{"loc":{"start":{"line":75,"column":2},"end":{"line":80,"column":3}},"type":"if","locations":[{"start":{"line":75,"column":2},"end":{"line":80,"column":3}},{"start":{"line":75,"column":2},"end":{"line":80,"column":3}}],"line":75},"4":{"loc":{"start":{"line":75,"column":6},"end":{"line":75,"column":69}},"type":"binary-expr","locations":[{"start":{"line":75,"column":6},"end":{"line":75,"column":11}},{"start":{"line":75,"column":15},"end":{"line":75,"column":69}}],"line":75},"5":{"loc":{"start":{"line":89,"column":2},"end":{"line":94,"column":3}},"type":"if","locations":[{"start":{"line":89,"column":2},"end":{"line":94,"column":3}},{"start":{"line":89,"column":2},"end":{"line":94,"column":3}}],"line":89},"6":{"loc":{"start":{"line":90,"column":4},"end":{"line":91,"column":50}},"type":"binary-expr","locations":[{"start":{"line":90,"column":4},"end":{"line":90,"column":29}},{"start":{"line":91,"column":4},"end":{"line":91,"column":50}}],"line":90},"7":{"loc":{"start":{"line":96,"column":2},"end":{"line":101,"column":3}},"type":"if","locations":[{"start":{"line":96,"column":2},"end":{"line":101,"column":3}},{"start":{"line":96,"column":2},"end":{"line":101,"column":3}}],"line":96},"8":{"loc":{"start":{"line":108,"column":2},"end":{"line":113,"column":3}},"type":"if","locations":[{"start":{"line":108,"column":2},"end":{"line":113,"column":3}},{"start":{"line":108,"column":2},"end":{"line":113,"column":3}}],"line":108},"9":{"loc":{"start":{"line":115,"column":2},"end":{"line":120,"column":3}},"type":"if","locations":[{"start":{"line":115,"column":2},"end":{"line":120,"column":3}},{"start":{"line":115,"column":2},"end":{"line":120,"column":3}}],"line":115},"10":{"loc":{"start":{"line":132,"column":4},"end":{"line":137,"column":5}},"type":"if","locations":[{"start":{"line":132,"column":4},"end":{"line":137,"column":5}},{"start":{"line":132,"column":4},"end":{"line":137,"column":5}}],"line":132},"11":{"loc":{"start":{"line":146,"column":2},"end":{"line":151,"column":3}},"type":"if","locations":[{"start":{"line":146,"column":2},"end":{"line":151,"column":3}},{"start":{"line":146,"column":2},"end":{"line":151,"column":3}}],"line":146},"12":{"loc":{"start":{"line":155,"column":2},"end":{"line":160,"column":3}},"type":"if","locations":[{"start":{"line":155,"column":2},"end":{"line":160,"column":3}},{"start":{"line":155,"column":2},"end":{"line":160,"column":3}}],"line":155},"13":{"loc":{"start":{"line":208,"column":2},"end":{"line":210,"column":3}},"type":"if","locations":[{"start":{"line":208,"column":2},"end":{"line":210,"column":3}},{"start":{"line":208,"column":2},"end":{"line":210,"column":3}}],"line":208},"14":{"loc":{"start":{"line":227,"column":2},"end":{"line":232,"column":3}},"type":"if","locations":[{"start":{"line":227,"column":2},"end":{"line":232,"column":3}},{"start":{"line":227,"column":2},"end":{"line":232,"column":3}}],"line":227},"15":{"loc":{"start":{"line":227,"column":6},"end":{"line":227,"column":38}},"type":"binary-expr","locations":[{"start":{"line":227,"column":6},"end":{"line":227,"column":22}},{"start":{"line":227,"column":26},"end":{"line":227,"column":38}}],"line":227},"16":{"loc":{"start":{"line":236,"column":2},"end":{"line":241,"column":3}},"type":"if","locations":[{"start":{"line":236,"column":2},"end":{"line":241,"column":3}},{"start":{"line":236,"column":2},"end":{"line":241,"column":3}}],"line":236},"17":{"loc":{"start":{"line":236,"column":6},"end":{"line":236,"column":76}},"type":"binary-expr","locations":[{"start":{"line":236,"column":6},"end":{"line":236,"column":11}},{"start":{"line":236,"column":15},"end":{"line":236,"column":76}}],"line":236}},"s":{"0":13,"1":13,"2":13,"3":13,"4":13,"5":13,"6":13,"7":13,"8":3,"9":3,"10":3,"11":13,"12":2,"13":2,"14":2,"15":1,"16":1,"17":1,"18":13,"19":3,"20":3,"21":1,"22":2,"23":2,"24":1,"25":1,"26":13,"27":14,"28":14,"29":14,"30":0,"31":14,"32":14,"33":14,"34":0,"35":14,"36":0,"37":14,"38":14,"39":13,"40":96,"41":6,"42":1,"43":5,"44":13,"45":3,"46":1,"47":2,"48":2,"49":1,"50":1,"51":1,"52":1,"53":1,"54":1,"55":1,"56":1,"57":0,"58":0,"59":0,"60":0,"61":0,"62":13,"63":0,"64":0,"65":0,"66":0,"67":0,"68":0,"69":0,"70":0,"71":0,"72":0,"73":13,"74":3,"75":3,"76":1,"77":2,"78":2,"79":1,"80":1,"81":1,"82":1,"83":1},"f":{"0":3,"1":2,"2":3,"3":14,"4":96,"5":6,"6":3,"7":0,"8":3},"b":{"0":[1,1],"1":[1,2],"2":[3,2],"3":[1,1],"4":[2,1],"5":[14,0],"6":[14,14],"7":[0,14],"8":[0,14],"9":[0,14],"10":[1,5],"11":[1,2],"12":[1,1],"13":[0,0],"14":[1,2],"15":[3,2],"16":[1,1],"17":[2,2]},"_coverageSchema":"1a1c01bbd47fc00a2c39e90264f33305004495a9","hash":"d774023fdc8196bd33df975298ce89b39abcbc51"}
,"C:\\Users\\user\\Desktop\\personal projects\\deployed apps\\GeoTours\\controller\\factoryHandler.js": {"path":"C:\\Users\\user\\Desktop\\personal projects\\deployed apps\\GeoTours\\controller\\factoryHandler.js","statementMap":{"0":{"start":{"line":1,"column":17},"end":{"line":1,"column":45}},"1":{"start":{"line":2,"column":19},"end":{"line":2,"column":49}},"2":{"start":{"line":3,"column":20},"end":{"line":3,"column":51}},"3":{"start":{"line":6,"column":0},"end":{"line":21,"column":5}},"4":{"start":{"line":7,"column":2},"end":{"line":21,"column":4}},"5":{"start":{"line":8,"column":16},"end":{"line":8,"column":60}},"6":{"start":{"line":10,"column":4},"end":{"line":15,"column":5}},"7":{"start":{"line":11,"column":6},"end":{"line":14,"column":9}},"8":{"start":{"line":17,"column":4},"end":{"line":20,"column":7}},"9":{"start":{"line":24,"column":0},"end":{"line":44,"column":5}},"10":{"start":{"line":25,"column":2},"end":{"line":44,"column":4}},"11":{"start":{"line":26,"column":16},"end":{"line":26,"column":51}},"12":{"start":{"line":28,"column":4},"end":{"line":33,"column":5}},"13":{"start":{"line":29,"column":6},"end":{"line":32,"column":9}},"14":{"start":{"line":35,"column":19},"end":{"line":38,"column":6}},"15":{"start":{"line":40,"column":4},"end":{"line":43,"column":7}},"16":{"start":{"line":47,"column":0},"end":{"line":55,"column":5}},"17":{"start":{"line":48,"column":2},"end":{"line":55,"column":4}},"18":{"start":{"line":49,"column":16},"end":{"line":49,"column":44}},"19":{"start":{"line":51,"column":4},"end":{"line":54,"column":7}},"20":{"start":{"line":58,"column":0},"end":{"line":77,"column":5}},"21":{"start":{"line":59,"column":2},"end":{"line":77,"column":4}},"22":{"start":{"line":60,"column":16},"end":{"line":60,"column":45}},"23":{"start":{"line":62,"column":4},"end":{"line":64,"column":5}},"24":{"start":{"line":63,"column":6},"end":{"line":63,"column":39}},"25":{"start":{"line":65,"column":16},"end":{"line":65,"column":27}},"26":{"start":{"line":67,"column":4},"end":{"line":71,"column":5}},"27":{"start":{"line":68,"column":6},"end":{"line":70,"column":8}},"28":{"start":{"line":73,"column":4},"end":{"line":76,"column":7}},"29":{"start":{"line":80,"column":0},"end":{"line":96,"column":5}},"30":{"start":{"line":81,"column":2},"end":{"line":96,"column":4}},"31":{"start":{"line":82,"column":17},"end":{"line":82,"column":19}},"32":{"start":{"line":83,"column":4},"end":{"line":83,"column":64}},"33":{"start":{"line":83,"column":27},"end":{"line":83,"column":64}},"34":{"start":{"line":84,"column":21},"end":{"line":88,"column":17}},"35":{"start":{"line":89,"column":16},"end":{"line":89,"column":36}},"36":{"start":{"line":91,"column":4},"end":{"line":95,"column":7}}},"fnMap":{"0":{"name":"(anonymous_0)","decl":{"start":{"line":6,"column":24},"end":{"line":6,"column":25}},"loc":{"start":{"line":7,"column":2},"end":{"line":21,"column":4}},"line":7},"1":{"name":"(anonymous_1)","decl":{"start":{"line":7,"column":13},"end":{"line":7,"column":14}},"loc":{"start":{"line":7,"column":39},"end":{"line":21,"column":3}},"line":7},"2":{"name":"(anonymous_2)","decl":{"start":{"line":24,"column":24},"end":{"line":24,"column":25}},"loc":{"start":{"line":25,"column":2},"end":{"line":44,"column":4}},"line":25},"3":{"name":"(anonymous_3)","decl":{"start":{"line":25,"column":13},"end":{"line":25,"column":14}},"loc":{"start":{"line":25,"column":39},"end":{"line":44,"column":3}},"line":25},"4":{"name":"(anonymous_4)","decl":{"start":{"line":47,"column":24},"end":{"line":47,"column":25}},"loc":{"start":{"line":48,"column":2},"end":{"line":55,"column":4}},"line":48},"5":{"name":"(anonymous_5)","decl":{"start":{"line":48,"column":13},"end":{"line":48,"column":14}},"loc":{"start":{"line":48,"column":39},"end":{"line":55,"column":3}},"line":48},"6":{"name":"(anonymous_6)","decl":{"start":{"line":58,"column":27},"end":{"line":58,"column":28}},"loc":{"start":{"line":59,"column":2},"end":{"line":77,"column":4}},"line":59},"7":{"name":"(anonymous_7)","decl":{"start":{"line":59,"column":13},"end":{"line":59,"column":14}},"loc":{"start":{"line":59,"column":39},"end":{"line":77,"column":3}},"line":59},"8":{"name":"(anonymous_8)","decl":{"start":{"line":80,"column":21},"end":{"line":80,"column":22}},"loc":{"start":{"line":81,"column":2},"end":{"line":96,"column":4}},"line":81},"9":{"name":"(anonymous_9)","decl":{"start":{"line":81,"column":13},"end":{"line":81,"column":14}},"loc":{"start":{"line":81,"column":39},"end":{"line":96,"column":3}},"line":81}},"branchMap":{"0":{"loc":{"start":{"line":10,"column":4},"end":{"line":15,"column":5}},"type":"if","locations":[{"start":{"line":10,"column":4},"end":{"line":15,"column":5}},{"start":{"line":10,"column":4},"end":{"line":15,"column":5}}],"line":10},"1":{"loc":{"start":{"line":28,"column":4},"end":{"line":33,"column":5}},"type":"if","locations":[{"start":{"line":28,"column":4},"end":{"line":33,"column":5}},{"start":{"line":28,"column":4},"end":{"line":33,"column":5}}],"line":28},"2":{"loc":{"start":{"line":62,"column":4},"end":{"line":64,"column":5}},"type":"if","locations":[{"start":{"line":62,"column":4},"end":{"line":64,"column":5}},{"start":{"line":62,"column":4},"end":{"line":64,"column":5}}],"line":62},"3":{"loc":{"start":{"line":67,"column":4},"end":{"line":71,"column":5}},"type":"if","locations":[{"start":{"line":67,"column":4},"end":{"line":71,"column":5}},{"start":{"line":67,"column":4},"end":{"line":71,"column":5}}],"line":67},"4":{"loc":{"start":{"line":83,"column":4},"end":{"line":83,"column":64}},"type":"if","locations":[{"start":{"line":83,"column":4},"end":{"line":83,"column":64}},{"start":{"line":83,"column":4},"end":{"line":83,"column":64}}],"line":83}},"s":{"0":12,"1":12,"2":12,"3":12,"4":24,"5":1,"6":1,"7":0,"8":1,"9":12,"10":24,"11":1,"12":1,"13":0,"14":1,"15":1,"16":12,"17":24,"18":1,"19":1,"20":12,"21":24,"22":2,"23":2,"24":0,"25":2,"26":2,"27":0,"28":2,"29":12,"30":36,"31":1,"32":1,"33":0,"34":1,"35":1,"36":1},"f":{"0":24,"1":1,"2":24,"3":1,"4":24,"5":1,"6":24,"7":2,"8":36,"9":1},"b":{"0":[0,1],"1":[0,1],"2":[0,2],"3":[0,2],"4":[0,1]},"_coverageSchema":"1a1c01bbd47fc00a2c39e90264f33305004495a9","hash":"b8a9f6d88901627ebcf1b31c4f65e1700a28b073"}
,"C:\\Users\\user\\Desktop\\personal projects\\deployed apps\\GeoTours\\controller\\globalError.js": {"path":"C:\\Users\\user\\Desktop\\personal projects\\deployed apps\\GeoTours\\controller\\globalError.js","statementMap":{"0":{"start":{"line":1,"column":17},"end":{"line":1,"column":45}},"1":{"start":{"line":4,"column":21},"end":{"line":11,"column":1}},"2":{"start":{"line":5,"column":2},"end":{"line":10,"column":5}},"3":{"start":{"line":14,"column":22},"end":{"line":28,"column":1}},"4":{"start":{"line":15,"column":2},"end":{"line":27,"column":3}},"5":{"start":{"line":16,"column":4},"end":{"line":19,"column":7}},"6":{"start":{"line":22,"column":4},"end":{"line":22,"column":23}},"7":{"start":{"line":23,"column":4},"end":{"line":26,"column":7}},"8":{"start":{"line":31,"column":24},"end":{"line":34,"column":1}},"9":{"start":{"line":32,"column":18},"end":{"line":32,"column":67}},"10":{"start":{"line":33,"column":2},"end":{"line":33,"column":36}},"11":{"start":{"line":37,"column":29},"end":{"line":41,"column":1}},"12":{"start":{"line":39,"column":18},"end":{"line":39,"column":42}},"13":{"start":{"line":40,"column":2},"end":{"line":40,"column":36}},"14":{"start":{"line":44,"column":30},"end":{"line":47,"column":1}},"15":{"start":{"line":45,"column":18},"end":{"line":45,"column":56}},"16":{"start":{"line":46,"column":2},"end":{"line":46,"column":36}},"17":{"start":{"line":50,"column":27},"end":{"line":50,"column":72}},"18":{"start":{"line":50,"column":33},"end":{"line":50,"column":72}},"19":{"start":{"line":52,"column":27},"end":{"line":53,"column":70}},"20":{"start":{"line":53,"column":2},"end":{"line":53,"column":70}},"21":{"start":{"line":55,"column":0},"end":{"line":73,"column":2}},"22":{"start":{"line":56,"column":2},"end":{"line":56,"column":37}},"23":{"start":{"line":57,"column":2},"end":{"line":57,"column":41}},"24":{"start":{"line":59,"column":2},"end":{"line":72,"column":3}},"25":{"start":{"line":60,"column":4},"end":{"line":60,"column":27}},"26":{"start":{"line":61,"column":9},"end":{"line":72,"column":3}},"27":{"start":{"line":62,"column":16},"end":{"line":62,"column":26}},"28":{"start":{"line":63,"column":4},"end":{"line":63,"column":32}},"29":{"start":{"line":65,"column":4},"end":{"line":65,"column":67}},"30":{"start":{"line":65,"column":36},"end":{"line":65,"column":67}},"31":{"start":{"line":66,"column":4},"end":{"line":66,"column":66}},"32":{"start":{"line":66,"column":30},"end":{"line":66,"column":66}},"33":{"start":{"line":67,"column":4},"end":{"line":67,"column":79}},"34":{"start":{"line":67,"column":42},"end":{"line":67,"column":79}},"35":{"start":{"line":68,"column":4},"end":{"line":68,"column":73}},"36":{"start":{"line":68,"column":44},"end":{"line":68,"column":73}},"37":{"start":{"line":69,"column":4},"end":{"line":69,"column":73}},"38":{"start":{"line":69,"column":44},"end":{"line":69,"column":73}},"39":{"start":{"line":71,"column":4},"end":{"line":71,"column":30}}},"fnMap":{"0":{"name":"(anonymous_0)","decl":{"start":{"line":4,"column":21},"end":{"line":4,"column":22}},"loc":{"start":{"line":4,"column":37},"end":{"line":11,"column":1}},"line":4},"1":{"name":"(anonymous_1)","decl":{"start":{"line":14,"column":22},"end":{"line":14,"column":23}},"loc":{"start":{"line":14,"column":38},"end":{"line":28,"column":1}},"line":14},"2":{"name":"(anonymous_2)","decl":{"start":{"line":31,"column":24},"end":{"line":31,"column":25}},"loc":{"start":{"line":31,"column":33},"end":{"line":34,"column":1}},"line":31},"3":{"name":"(anonymous_3)","decl":{"start":{"line":37,"column":29},"end":{"line":37,"column":30}},"loc":{"start":{"line":37,"column":35},"end":{"line":41,"column":1}},"line":37},"4":{"name":"(anonymous_4)","decl":{"start":{"line":44,"column":30},"end":{"line":44,"column":31}},"loc":{"start":{"line":44,"column":39},"end":{"line":47,"column":1}},"line":44},"5":{"name":"(anonymous_5)","decl":{"start":{"line":50,"column":27},"end":{"line":50,"column":28}},"loc":{"start":{"line":50,"column":33},"end":{"line":50,"column":72}},"line":50},"6":{"name":"(anonymous_6)","decl":{"start":{"line":52,"column":27},"end":{"line":52,"column":28}},"loc":{"start":{"line":53,"column":2},"end":{"line":53,"column":70}},"line":53},"7":{"name":"(anonymous_7)","decl":{"start":{"line":55,"column":17},"end":{"line":55,"column":18}},"loc":{"start":{"line":55,"column":42},"end":{"line":73,"column":1}},"line":55}},"branchMap":{"0":{"loc":{"start":{"line":15,"column":2},"end":{"line":27,"column":3}},"type":"if","locations":[{"start":{"line":15,"column":2},"end":{"line":27,"column":3}},{"start":{"line":15,"column":2},"end":{"line":27,"column":3}}],"line":15},"1":{"loc":{"start":{"line":56,"column":15},"end":{"line":56,"column":36}},"type":"binary-expr","locations":[{"start":{"line":56,"column":15},"end":{"line":56,"column":25}},{"start":{"line":56,"column":29},"end":{"line":56,"column":36}}],"line":56},"2":{"loc":{"start":{"line":57,"column":19},"end":{"line":57,"column":40}},"type":"binary-expr","locations":[{"start":{"line":57,"column":19},"end":{"line":57,"column":33}},{"start":{"line":57,"column":37},"end":{"line":57,"column":40}}],"line":57},"3":{"loc":{"start":{"line":59,"column":2},"end":{"line":72,"column":3}},"type":"if","locations":[{"start":{"line":59,"column":2},"end":{"line":72,"column":3}},{"start":{"line":59,"column":2},"end":{"line":72,"column":3}}],"line":59},"4":{"loc":{"start":{"line":61,"column":9},"end":{"line":72,"column":3}},"type":"if","locations":[{"start":{"line":61,"column":9},"end":{"line":72,"column":3}},{"start":{"line":61,"column":9},"end":{"line":72,"column":3}}],"line":61},"5":{"loc":{"start":{"line":65,"column":4},"end":{"line":65,"column":67}},"type":"if","locations":[{"start":{"line":65,"column":4},"end":{"line":65,"column":67}},{"start":{"line":65,"column":4},"end":{"line":65,"column":67}}],"line":65},"6":{"loc":{"start":{"line":66,"column":4},"end":{"line":66,"column":66}},"type":"if","locations":[{"start":{"line":66,"column":4},"end":{"line":66,"column":66}},{"start":{"line":66,"column":4},"end":{"line":66,"column":66}}],"line":66},"7":{"loc":{"start":{"line":67,"column":4},"end":{"line":67,"column":79}},"type":"if","locations":[{"start":{"line":67,"column":4},"end":{"line":67,"column":79}},{"start":{"line":67,"column":4},"end":{"line":67,"column":79}}],"line":67},"8":{"loc":{"start":{"line":68,"column":4},"end":{"line":68,"column":73}},"type":"if","locations":[{"start":{"line":68,"column":4},"end":{"line":68,"column":73}},{"start":{"line":68,"column":4},"end":{"line":68,"column":73}}],"line":68},"9":{"loc":{"start":{"line":69,"column":4},"end":{"line":69,"column":73}},"type":"if","locations":[{"start":{"line":69,"column":4},"end":{"line":69,"column":73}},{"start":{"line":69,"column":4},"end":{"line":69,"column":73}}],"line":69}},"s":{"0":12,"1":12,"2":0,"3":12,"4":0,"5":0,"6":0,"7":0,"8":12,"9":0,"10":0,"11":12,"12":0,"13":0,"14":12,"15":0,"16":0,"17":12,"18":0,"19":12,"20":0,"21":12,"22":0,"23":0,"24":0,"25":0,"26":0,"27":0,"28":0,"29":0,"30":0,"31":0,"32":0,"33":0,"34":0,"35":0,"36":0,"37":0,"38":0,"39":0},"f":{"0":0,"1":0,"2":0,"3":0,"4":0,"5":0,"6":0,"7":0},"b":{"0":[0,0],"1":[0,0],"2":[0,0],"3":[0,0],"4":[0,0],"5":[0,0],"6":[0,0],"7":[0,0],"8":[0,0],"9":[0,0]},"_coverageSchema":"1a1c01bbd47fc00a2c39e90264f33305004495a9","hash":"904d4a8574ce5cffe1a744bb5ee1dde13c41d293"}
,"C:\\Users\\user\\Desktop\\personal projects\\deployed apps\\GeoTours\\controller\\reviews.js": {"path":"C:\\Users\\user\\Desktop\\personal projects\\deployed apps\\GeoTours\\controller\\reviews.js","statementMap":{"0":{"start":{"line":1,"column":16},"end":{"line":1,"column":44}},"1":{"start":{"line":2,"column":17},"end":{"line":2,"column":45}},"2":{"start":{"line":3,"column":19},"end":{"line":3,"column":49}},"3":{"start":{"line":4,"column":16},"end":{"line":4,"column":43}},"4":{"start":{"line":9,"column":0},"end":{"line":9,"column":49}},"5":{"start":{"line":14,"column":0},"end":{"line":27,"column":3}},"6":{"start":{"line":15,"column":17},"end":{"line":15,"column":54}},"7":{"start":{"line":17,"column":2},"end":{"line":21,"column":3}},"8":{"start":{"line":18,"column":4},"end":{"line":20,"column":6}},"9":{"start":{"line":23,"column":2},"end":{"line":26,"column":5}},"10":{"start":{"line":32,"column":0},"end":{"line":41,"column":3}},"11":{"start":{"line":33,"column":2},"end":{"line":33,"column":36}},"12":{"start":{"line":34,"column":2},"end":{"line":34,"column":30}},"13":{"start":{"line":35,"column":17},"end":{"line":35,"column":47}},"14":{"start":{"line":37,"column":2},"end":{"line":40,"column":5}},"15":{"start":{"line":46,"column":0},"end":{"line":70,"column":3}},"16":{"start":{"line":47,"column":15},"end":{"line":47,"column":52}},"17":{"start":{"line":49,"column":2},"end":{"line":53,"column":3}},"18":{"start":{"line":50,"column":4},"end":{"line":52,"column":6}},"19":{"start":{"line":55,"column":2},"end":{"line":59,"column":3}},"20":{"start":{"line":56,"column":4},"end":{"line":58,"column":6}},"21":{"start":{"line":61,"column":2},"end":{"line":64,"column":5}},"22":{"start":{"line":66,"column":2},"end":{"line":69,"column":5}},"23":{"start":{"line":75,"column":0},"end":{"line":97,"column":3}},"24":{"start":{"line":76,"column":15},"end":{"line":76,"column":52}},"25":{"start":{"line":78,"column":2},"end":{"line":82,"column":3}},"26":{"start":{"line":79,"column":4},"end":{"line":81,"column":6}},"27":{"start":{"line":85,"column":2},"end":{"line":89,"column":3}},"28":{"start":{"line":86,"column":4},"end":{"line":88,"column":6}},"29":{"start":{"line":91,"column":2},"end":{"line":91,"column":58}},"30":{"start":{"line":93,"column":2},"end":{"line":96,"column":5}}},"fnMap":{"0":{"name":"(anonymous_0)","decl":{"start":{"line":14,"column":35},"end":{"line":14,"column":36}},"loc":{"start":{"line":14,"column":61},"end":{"line":27,"column":1}},"line":14},"1":{"name":"(anonymous_1)","decl":{"start":{"line":32,"column":34},"end":{"line":32,"column":35}},"loc":{"start":{"line":32,"column":60},"end":{"line":41,"column":1}},"line":32},"2":{"name":"(anonymous_2)","decl":{"start":{"line":46,"column":34},"end":{"line":46,"column":35}},"loc":{"start":{"line":46,"column":60},"end":{"line":70,"column":1}},"line":46},"3":{"name":"(anonymous_3)","decl":{"start":{"line":75,"column":34},"end":{"line":75,"column":35}},"loc":{"start":{"line":75,"column":60},"end":{"line":97,"column":1}},"line":75}},"branchMap":{"0":{"loc":{"start":{"line":17,"column":2},"end":{"line":21,"column":3}},"type":"if","locations":[{"start":{"line":17,"column":2},"end":{"line":21,"column":3}},{"start":{"line":17,"column":2},"end":{"line":21,"column":3}}],"line":17},"1":{"loc":{"start":{"line":49,"column":2},"end":{"line":53,"column":3}},"type":"if","locations":[{"start":{"line":49,"column":2},"end":{"line":53,"column":3}},{"start":{"line":49,"column":2},"end":{"line":53,"column":3}}],"line":49},"2":{"loc":{"start":{"line":55,"column":2},"end":{"line":59,"column":3}},"type":"if","locations":[{"start":{"line":55,"column":2},"end":{"line":59,"column":3}},{"start":{"line":55,"column":2},"end":{"line":59,"column":3}}],"line":55},"3":{"loc":{"start":{"line":55,"column":6},"end":{"line":55,"column":77}},"type":"binary-expr","locations":[{"start":{"line":55,"column":6},"end":{"line":55,"column":48}},{"start":{"line":55,"column":52},"end":{"line":55,"column":77}}],"line":55},"4":{"loc":{"start":{"line":78,"column":2},"end":{"line":82,"column":3}},"type":"if","locations":[{"start":{"line":78,"column":2},"end":{"line":82,"column":3}},{"start":{"line":78,"column":2},"end":{"line":82,"column":3}}],"line":78},"5":{"loc":{"start":{"line":85,"column":2},"end":{"line":89,"column":3}},"type":"if","locations":[{"start":{"line":85,"column":2},"end":{"line":89,"column":3}},{"start":{"line":85,"column":2},"end":{"line":89,"column":3}}],"line":85},"6":{"loc":{"start":{"line":85,"column":6},"end":{"line":85,"column":77}},"type":"binary-expr","locations":[{"start":{"line":85,"column":6},"end":{"line":85,"column":48}},{"start":{"line":85,"column":52},"end":{"line":85,"column":77}}],"line":85}},"s":{"0":12,"1":12,"2":12,"3":12,"4":12,"5":12,"6":0,"7":0,"8":0,"9":0,"10":12,"11":0,"12":0,"13":0,"14":0,"15":12,"16":0,"17":0,"18":0,"19":0,"20":0,"21":0,"22":0,"23":12,"24":0,"25":0,"26":0,"27":0,"28":0,"29":0,"30":0},"f":{"0":0,"1":0,"2":0,"3":0},"b":{"0":[0,0],"1":[0,0],"2":[0,0],"3":[0,0],"4":[0,0],"5":[0,0],"6":[0,0]},"_coverageSchema":"1a1c01bbd47fc00a2c39e90264f33305004495a9","hash":"233456004358767d304866284a602459111f9589"}
,"C:\\Users\\user\\Desktop\\personal projects\\deployed apps\\GeoTours\\controller\\tours.js": {"path":"C:\\Users\\user\\Desktop\\personal projects\\deployed apps\\GeoTours\\controller\\tours.js","statementMap":{"0":{"start":{"line":1,"column":14},"end":{"line":1,"column":40}},"1":{"start":{"line":3,"column":17},"end":{"line":3,"column":45}},"2":{"start":{"line":4,"column":19},"end":{"line":4,"column":49}},"3":{"start":{"line":5,"column":16},"end":{"line":5,"column":43}},"4":{"start":{"line":10,"column":0},"end":{"line":15,"column":2}},"5":{"start":{"line":11,"column":2},"end":{"line":11,"column":22}},"6":{"start":{"line":12,"column":2},"end":{"line":12,"column":44}},"7":{"start":{"line":13,"column":2},"end":{"line":13,"column":63}},"8":{"start":{"line":14,"column":2},"end":{"line":14,"column":9}},"9":{"start":{"line":20,"column":0},"end":{"line":20,"column":45}},"10":{"start":{"line":24,"column":0},"end":{"line":27,"column":3}},"11":{"start":{"line":31,"column":0},"end":{"line":31,"column":51}},"12":{"start":{"line":35,"column":0},"end":{"line":35,"column":50}},"13":{"start":{"line":39,"column":0},"end":{"line":39,"column":51}},"14":{"start":{"line":44,"column":0},"end":{"line":70,"column":3}},"15":{"start":{"line":45,"column":37},"end":{"line":45,"column":47}},"16":{"start":{"line":46,"column":21},"end":{"line":46,"column":38}},"17":{"start":{"line":48,"column":17},"end":{"line":48,"column":67}},"18":{"start":{"line":50,"column":2},"end":{"line":57,"column":3}},"19":{"start":{"line":51,"column":4},"end":{"line":56,"column":6}},"20":{"start":{"line":59,"column":15},"end":{"line":63,"column":4}},"21":{"start":{"line":65,"column":2},"end":{"line":69,"column":5}},"22":{"start":{"line":75,"column":0},"end":{"line":111,"column":3}},"23":{"start":{"line":76,"column":27},"end":{"line":76,"column":37}},"24":{"start":{"line":78,"column":21},"end":{"line":78,"column":38}},"25":{"start":{"line":80,"column":2},"end":{"line":87,"column":3}},"26":{"start":{"line":81,"column":4},"end":{"line":86,"column":6}},"27":{"start":{"line":89,"column":19},"end":{"line":89,"column":53}},"28":{"start":{"line":91,"column":15},"end":{"line":105,"column":4}},"29":{"start":{"line":107,"column":2},"end":{"line":110,"column":5}},"30":{"start":{"line":116,"column":0},"end":{"line":140,"column":3}},"31":{"start":{"line":117,"column":15},"end":{"line":135,"column":4}},"32":{"start":{"line":136,"column":2},"end":{"line":139,"column":5}},"33":{"start":{"line":145,"column":0},"end":{"line":184,"column":3}},"34":{"start":{"line":146,"column":15},"end":{"line":146,"column":34}},"35":{"start":{"line":147,"column":15},"end":{"line":177,"column":4}},"36":{"start":{"line":179,"column":2},"end":{"line":183,"column":5}}},"fnMap":{"0":{"name":"(anonymous_0)","decl":{"start":{"line":10,"column":20},"end":{"line":10,"column":21}},"loc":{"start":{"line":10,"column":40},"end":{"line":15,"column":1}},"line":10},"1":{"name":"(anonymous_1)","decl":{"start":{"line":44,"column":33},"end":{"line":44,"column":34}},"loc":{"start":{"line":44,"column":59},"end":{"line":70,"column":1}},"line":44},"2":{"name":"(anonymous_2)","decl":{"start":{"line":75,"column":37},"end":{"line":75,"column":38}},"loc":{"start":{"line":75,"column":63},"end":{"line":111,"column":1}},"line":75},"3":{"name":"(anonymous_3)","decl":{"start":{"line":116,"column":34},"end":{"line":116,"column":35}},"loc":{"start":{"line":116,"column":60},"end":{"line":140,"column":1}},"line":116},"4":{"name":"(anonymous_4)","decl":{"start":{"line":145,"column":40},"end":{"line":145,"column":41}},"loc":{"start":{"line":145,"column":66},"end":{"line":184,"column":1}},"line":145}},"branchMap":{"0":{"loc":{"start":{"line":48,"column":17},"end":{"line":48,"column":67}},"type":"cond-expr","locations":[{"start":{"line":48,"column":33},"end":{"line":48,"column":47}},{"start":{"line":48,"column":50},"end":{"line":48,"column":67}}],"line":48},"1":{"loc":{"start":{"line":50,"column":2},"end":{"line":57,"column":3}},"type":"if","locations":[{"start":{"line":50,"column":2},"end":{"line":57,"column":3}},{"start":{"line":50,"column":2},"end":{"line":57,"column":3}}],"line":50},"2":{"loc":{"start":{"line":50,"column":6},"end":{"line":50,"column":18}},"type":"binary-expr","locations":[{"start":{"line":50,"column":6},"end":{"line":50,"column":10}},{"start":{"line":50,"column":14},"end":{"line":50,"column":18}}],"line":50},"3":{"loc":{"start":{"line":80,"column":2},"end":{"line":87,"column":3}},"type":"if","locations":[{"start":{"line":80,"column":2},"end":{"line":87,"column":3}},{"start":{"line":80,"column":2},"end":{"line":87,"column":3}}],"line":80},"4":{"loc":{"start":{"line":80,"column":6},"end":{"line":80,"column":18}},"type":"binary-expr","locations":[{"start":{"line":80,"column":6},"end":{"line":80,"column":10}},{"start":{"line":80,"column":14},"end":{"line":80,"column":18}}],"line":80},"5":{"loc":{"start":{"line":89,"column":19},"end":{"line":89,"column":53}},"type":"cond-expr","locations":[{"start":{"line":89,"column":35},"end":{"line":89,"column":46}},{"start":{"line":89,"column":49},"end":{"line":89,"column":53}}],"line":89}},"s":{"0":12,"1":12,"2":12,"3":12,"4":12,"5":0,"6":0,"7":0,"8":0,"9":12,"10":12,"11":12,"12":12,"13":12,"14":12,"15":0,"16":0,"17":0,"18":0,"19":0,"20":0,"21":0,"22":12,"23":0,"24":0,"25":0,"26":0,"27":0,"28":0,"29":0,"30":12,"31":0,"32":0,"33":12,"34":0,"35":0,"36":0},"f":{"0":0,"1":0,"2":0,"3":0,"4":0},"b":{"0":[0,0],"1":[0,0],"2":[0,0],"3":[0,0],"4":[0,0],"5":[0,0]},"_coverageSchema":"1a1c01bbd47fc00a2c39e90264f33305004495a9","hash":"ee31ecca743af7d8612c43875daca0d0412270ec"}
,"C:\\Users\\user\\Desktop\\personal projects\\deployed apps\\GeoTours\\controller\\users.js": {"path":"C:\\Users\\user\\Desktop\\personal projects\\deployed apps\\GeoTours\\controller\\users.js","statementMap":{"0":{"start":{"line":1,"column":14},"end":{"line":1,"column":40}},"1":{"start":{"line":2,"column":19},"end":{"line":2,"column":49}},"2":{"start":{"line":3,"column":16},"end":{"line":3,"column":43}},"3":{"start":{"line":8,"column":0},"end":{"line":31,"column":3}},"4":{"start":{"line":9,"column":26},"end":{"line":9,"column":34}},"5":{"start":{"line":11,"column":2},"end":{"line":16,"column":3}},"6":{"start":{"line":12,"column":4},"end":{"line":15,"column":7}},"7":{"start":{"line":18,"column":15},"end":{"line":25,"column":3}},"8":{"start":{"line":27,"column":2},"end":{"line":30,"column":5}},"9":{"start":{"line":36,"column":0},"end":{"line":42,"column":3}},"10":{"start":{"line":37,"column":2},"end":{"line":37,"column":64}},"11":{"start":{"line":38,"column":2},"end":{"line":41,"column":5}},"12":{"start":{"line":47,"column":0},"end":{"line":50,"column":3}},"13":{"start":{"line":48,"column":2},"end":{"line":48,"column":30}},"14":{"start":{"line":49,"column":2},"end":{"line":49,"column":9}},"15":{"start":{"line":55,"column":0},"end":{"line":55,"column":45}},"16":{"start":{"line":59,"column":0},"end":{"line":59,"column":53}},"17":{"start":{"line":63,"column":0},"end":{"line":63,"column":50}},"18":{"start":{"line":67,"column":0},"end":{"line":67,"column":50}},"19":{"start":{"line":71,"column":0},"end":{"line":71,"column":50}}},"fnMap":{"0":{"name":"(anonymous_0)","decl":{"start":{"line":8,"column":30},"end":{"line":8,"column":31}},"loc":{"start":{"line":8,"column":56},"end":{"line":31,"column":1}},"line":8},"1":{"name":"(anonymous_1)","decl":{"start":{"line":36,"column":30},"end":{"line":36,"column":31}},"loc":{"start":{"line":36,"column":56},"end":{"line":42,"column":1}},"line":36},"2":{"name":"(anonymous_2)","decl":{"start":{"line":47,"column":31},"end":{"line":47,"column":32}},"loc":{"start":{"line":47,"column":57},"end":{"line":50,"column":1}},"line":47}},"branchMap":{"0":{"loc":{"start":{"line":11,"column":2},"end":{"line":16,"column":3}},"type":"if","locations":[{"start":{"line":11,"column":2},"end":{"line":16,"column":3}},{"start":{"line":11,"column":2},"end":{"line":16,"column":3}}],"line":11}},"s":{"0":12,"1":12,"2":12,"3":12,"4":2,"5":2,"6":1,"7":1,"8":1,"9":12,"10":1,"11":1,"12":12,"13":1,"14":1,"15":12,"16":12,"17":12,"18":12,"19":12},"f":{"0":2,"1":1,"2":1},"b":{"0":[1,1]},"_coverageSchema":"1a1c01bbd47fc00a2c39e90264f33305004495a9","hash":"c52533bdcd4310cee5231c31046bae2129fcb24f"}
,"C:\\Users\\user\\Desktop\\personal projects\\deployed apps\\GeoTours\\models\\Reviews.js": {"path":"C:\\Users\\user\\Desktop\\personal projects\\deployed apps\\GeoTours\\models\\Reviews.js","statementMap":{"0":{"start":{"line":1,"column":17},"end":{"line":1,"column":36}},"1":{"start":{"line":3,"column":19},"end":{"line":3,"column":27}},"2":{"start":{"line":5,"column":21},"end":{"line":29,"column":2}},"3":{"start":{"line":31,"column":0},"end":{"line":31,"column":59}},"4":{"start":{"line":33,"column":0},"end":{"line":39,"column":3}},"5":{"start":{"line":34,"column":2},"end":{"line":37,"column":5}},"6":{"start":{"line":38,"column":2},"end":{"line":38,"column":9}},"7":{"start":{"line":42,"column":0},"end":{"line":66,"column":2}},"8":{"start":{"line":43,"column":16},"end":{"line":54,"column":4}},"9":{"start":{"line":55,"column":2},"end":{"line":65,"column":3}},"10":{"start":{"line":56,"column":4},"end":{"line":59,"column":7}},"11":{"start":{"line":61,"column":4},"end":{"line":64,"column":7}},"12":{"start":{"line":68,"column":0},"end":{"line":70,"column":3}},"13":{"start":{"line":69,"column":2},"end":{"line":69,"column":41}},"14":{"start":{"line":73,"column":0},"end":{"line":76,"column":3}},"15":{"start":{"line":74,"column":2},"end":{"line":74,"column":32}},"16":{"start":{"line":75,"column":2},"end":{"line":75,"column":9}},"17":{"start":{"line":78,"column":0},"end":{"line":80,"column":3}},"18":{"start":{"line":79,"column":2},"end":{"line":79,"column":51}},"19":{"start":{"line":82,"column":16},"end":{"line":82,"column":55}},"20":{"start":{"line":83,"column":0},"end":{"line":83,"column":25}}},"fnMap":{"0":{"name":"(anonymous_0)","decl":{"start":{"line":33,"column":26},"end":{"line":33,"column":27}},"loc":{"start":{"line":33,"column":41},"end":{"line":39,"column":1}},"line":33},"1":{"name":"(anonymous_1)","decl":{"start":{"line":42,"column":34},"end":{"line":42,"column":35}},"loc":{"start":{"line":42,"column":57},"end":{"line":66,"column":1}},"line":42},"2":{"name":"(anonymous_2)","decl":{"start":{"line":68,"column":26},"end":{"line":68,"column":27}},"loc":{"start":{"line":68,"column":37},"end":{"line":70,"column":1}},"line":68},"3":{"name":"(anonymous_3)","decl":{"start":{"line":73,"column":32},"end":{"line":73,"column":33}},"loc":{"start":{"line":73,"column":53},"end":{"line":76,"column":1}},"line":73},"4":{"name":"(anonymous_4)","decl":{"start":{"line":78,"column":33},"end":{"line":78,"column":34}},"loc":{"start":{"line":78,"column":50},"end":{"line":80,"column":1}},"line":78}},"branchMap":{"0":{"loc":{"start":{"line":55,"column":2},"end":{"line":65,"column":3}},"type":"if","locations":[{"start":{"line":55,"column":2},"end":{"line":65,"column":3}},{"start":{"line":55,"column":2},"end":{"line":65,"column":3}}],"line":55}},"s":{"0":12,"1":12,"2":12,"3":12,"4":12,"5":0,"6":0,"7":12,"8":0,"9":0,"10":0,"11":0,"12":12,"13":0,"14":12,"15":0,"16":0,"17":12,"18":0,"19":12,"20":12},"f":{"0":0,"1":0,"2":0,"3":0,"4":0},"b":{"0":[0,0]},"_coverageSchema":"1a1c01bbd47fc00a2c39e90264f33305004495a9","hash":"f67f79865ca11b18ce6909be66a444750d16199e"}
,"C:\\Users\\user\\Desktop\\personal projects\\deployed apps\\GeoTours\\models\\Tours.js": {"path":"C:\\Users\\user\\Desktop\\personal projects\\deployed apps\\GeoTours\\models\\Tours.js","statementMap":{"0":{"start":{"line":1,"column":17},"end":{"line":1,"column":36}},"1":{"start":{"line":2,"column":16},"end":{"line":2,"column":34}},"2":{"start":{"line":4,"column":19},"end":{"line":4,"column":27}},"3":{"start":{"line":6,"column":20},"end":{"line":108,"column":1}},"4":{"start":{"line":35,"column":18},"end":{"line":35,"column":43}},"5":{"start":{"line":76,"column":10},"end":{"line":76,"column":34}},"6":{"start":{"line":110,"column":0},"end":{"line":110,"column":52}},"7":{"start":{"line":111,"column":0},"end":{"line":111,"column":31}},"8":{"start":{"line":112,"column":0},"end":{"line":112,"column":49}},"9":{"start":{"line":115,"column":0},"end":{"line":117,"column":3}},"10":{"start":{"line":116,"column":2},"end":{"line":116,"column":27}},"11":{"start":{"line":120,"column":0},"end":{"line":123,"column":3}},"12":{"start":{"line":121,"column":2},"end":{"line":121,"column":50}},"13":{"start":{"line":122,"column":2},"end":{"line":122,"column":9}},"14":{"start":{"line":126,"column":0},"end":{"line":129,"column":3}},"15":{"start":{"line":127,"column":2},"end":{"line":127,"column":39}},"16":{"start":{"line":128,"column":2},"end":{"line":128,"column":9}},"17":{"start":{"line":132,"column":0},"end":{"line":138,"column":3}},"18":{"start":{"line":133,"column":2},"end":{"line":136,"column":5}},"19":{"start":{"line":137,"column":2},"end":{"line":137,"column":9}},"20":{"start":{"line":141,"column":0},"end":{"line":145,"column":3}},"21":{"start":{"line":147,"column":14},"end":{"line":147,"column":50}},"22":{"start":{"line":148,"column":0},"end":{"line":148,"column":23}}},"fnMap":{"0":{"name":"(anonymous_0)","decl":{"start":{"line":35,"column":11},"end":{"line":35,"column":12}},"loc":{"start":{"line":35,"column":18},"end":{"line":35,"column":43}},"line":35},"1":{"name":"(anonymous_1)","decl":{"start":{"line":75,"column":19},"end":{"line":75,"column":20}},"loc":{"start":{"line":75,"column":33},"end":{"line":77,"column":9}},"line":75},"2":{"name":"(anonymous_2)","decl":{"start":{"line":115,"column":43},"end":{"line":115,"column":44}},"loc":{"start":{"line":115,"column":54},"end":{"line":117,"column":1}},"line":115},"3":{"name":"(anonymous_3)","decl":{"start":{"line":120,"column":24},"end":{"line":120,"column":25}},"loc":{"start":{"line":120,"column":39},"end":{"line":123,"column":1}},"line":120},"4":{"name":"(anonymous_4)","decl":{"start":{"line":126,"column":25},"end":{"line":126,"column":26}},"loc":{"start":{"line":126,"column":40},"end":{"line":129,"column":1}},"line":126},"5":{"name":"(anonymous_5)","decl":{"start":{"line":132,"column":25},"end":{"line":132,"column":26}},"loc":{"start":{"line":132,"column":40},"end":{"line":138,"column":1}},"line":132}},"branchMap":{},"s":{"0":12,"1":12,"2":12,"3":12,"4":0,"5":0,"6":12,"7":12,"8":12,"9":12,"10":0,"11":12,"12":0,"13":0,"14":12,"15":0,"16":0,"17":12,"18":0,"19":0,"20":12,"21":12,"22":12},"f":{"0":0,"1":0,"2":0,"3":0,"4":0,"5":0},"b":{},"_coverageSchema":"1a1c01bbd47fc00a2c39e90264f33305004495a9","hash":"d5766c550fc3ae6424dff831e53a6791c821cbfd"}
,"C:\\Users\\user\\Desktop\\personal projects\\deployed apps\\GeoTours\\models\\Users.js": {"path":"C:\\Users\\user\\Desktop\\personal projects\\deployed apps\\GeoTours\\models\\Users.js","statementMap":{"0":{"start":{"line":1,"column":15},"end":{"line":1,"column":32}},"1":{"start":{"line":2,"column":17},"end":{"line":2,"column":36}},"2":{"start":{"line":3,"column":18},"end":{"line":3,"column":38}},"3":{"start":{"line":4,"column":15},"end":{"line":4,"column":34}},"4":{"start":{"line":5,"column":12},"end":{"line":5,"column":35}},"5":{"start":{"line":7,"column":19},"end":{"line":7,"column":27}},"6":{"start":{"line":9,"column":19},"end":{"line":56,"column":2}},"7":{"start":{"line":34,"column":8},"end":{"line":34,"column":37}},"8":{"start":{"line":59,"column":0},"end":{"line":64,"column":3}},"9":{"start":{"line":60,"column":2},"end":{"line":60,"column":50}},"10":{"start":{"line":60,"column":36},"end":{"line":60,"column":50}},"11":{"start":{"line":61,"column":2},"end":{"line":61,"column":55}},"12":{"start":{"line":62,"column":2},"end":{"line":62,"column":35}},"13":{"start":{"line":63,"column":2},"end":{"line":63,"column":9}},"14":{"start":{"line":67,"column":0},"end":{"line":71,"column":3}},"15":{"start":{"line":68,"column":2},"end":{"line":68,"column":64}},"16":{"start":{"line":68,"column":50},"end":{"line":68,"column":64}},"17":{"start":{"line":69,"column":2},"end":{"line":69,"column":44}},"18":{"start":{"line":70,"column":2},"end":{"line":70,"column":9}},"19":{"start":{"line":74,"column":0},"end":{"line":77,"column":3}},"20":{"start":{"line":75,"column":2},"end":{"line":75,"column":30}},"21":{"start":{"line":76,"column":2},"end":{"line":76,"column":9}},"22":{"start":{"line":80,"column":0},"end":{"line":85,"column":2}},"23":{"start":{"line":84,"column":2},"end":{"line":84,"column":63}},"24":{"start":{"line":88,"column":0},"end":{"line":92,"column":2}},"25":{"start":{"line":89,"column":2},"end":{"line":91,"column":5}},"26":{"start":{"line":95,"column":0},"end":{"line":101,"column":2}},"27":{"start":{"line":96,"column":2},"end":{"line":99,"column":3}},"28":{"start":{"line":97,"column":24},"end":{"line":97,"column":76}},"29":{"start":{"line":98,"column":4},"end":{"line":98,"column":38}},"30":{"start":{"line":100,"column":2},"end":{"line":100,"column":15}},"31":{"start":{"line":104,"column":0},"end":{"line":114,"column":2}},"32":{"start":{"line":105,"column":21},"end":{"line":105,"column":59}},"33":{"start":{"line":107,"column":2},"end":{"line":110,"column":19}},"34":{"start":{"line":111,"column":2},"end":{"line":111,"column":58}},"35":{"start":{"line":113,"column":2},"end":{"line":113,"column":20}},"36":{"start":{"line":116,"column":14},"end":{"line":116,"column":49}},"37":{"start":{"line":117,"column":0},"end":{"line":117,"column":23}}},"fnMap":{"0":{"name":"(anonymous_0)","decl":{"start":{"line":33,"column":17},"end":{"line":33,"column":18}},"loc":{"start":{"line":33,"column":31},"end":{"line":35,"column":7}},"line":33},"1":{"name":"(anonymous_1)","decl":{"start":{"line":59,"column":23},"end":{"line":59,"column":24}},"loc":{"start":{"line":59,"column":44},"end":{"line":64,"column":1}},"line":59},"2":{"name":"(anonymous_2)","decl":{"start":{"line":67,"column":23},"end":{"line":67,"column":24}},"loc":{"start":{"line":67,"column":38},"end":{"line":71,"column":1}},"line":67},"3":{"name":"(anonymous_3)","decl":{"start":{"line":74,"column":26},"end":{"line":74,"column":27}},"loc":{"start":{"line":74,"column":41},"end":{"line":77,"column":1}},"line":74},"4":{"name":"(anonymous_4)","decl":{"start":{"line":80,"column":37},"end":{"line":80,"column":38}},"loc":{"start":{"line":83,"column":5},"end":{"line":85,"column":1}},"line":83},"5":{"name":"(anonymous_5)","decl":{"start":{"line":88,"column":29},"end":{"line":88,"column":30}},"loc":{"start":{"line":88,"column":40},"end":{"line":92,"column":1}},"line":88},"6":{"name":"(anonymous_6)","decl":{"start":{"line":95,"column":35},"end":{"line":95,"column":36}},"loc":{"start":{"line":95,"column":58},"end":{"line":101,"column":1}},"line":95},"7":{"name":"(anonymous_7)","decl":{"start":{"line":104,"column":41},"end":{"line":104,"column":42}},"loc":{"start":{"line":104,"column":52},"end":{"line":114,"column":1}},"line":104}},"branchMap":{"0":{"loc":{"start":{"line":60,"column":2},"end":{"line":60,"column":50}},"type":"if","locations":[{"start":{"line":60,"column":2},"end":{"line":60,"column":50}},{"start":{"line":60,"column":2},"end":{"line":60,"column":50}}],"line":60},"1":{"loc":{"start":{"line":68,"column":2},"end":{"line":68,"column":64}},"type":"if","locations":[{"start":{"line":68,"column":2},"end":{"line":68,"column":64}},{"start":{"line":68,"column":2},"end":{"line":68,"column":64}}],"line":68},"2":{"loc":{"start":{"line":68,"column":6},"end":{"line":68,"column":48}},"type":"binary-expr","locations":[{"start":{"line":68,"column":6},"end":{"line":68,"column":34}},{"start":{"line":68,"column":38},"end":{"line":68,"column":48}}],"line":68},"3":{"loc":{"start":{"line":96,"column":2},"end":{"line":99,"column":3}},"type":"if","locations":[{"start":{"line":96,"column":2},"end":{"line":99,"column":3}},{"start":{"line":96,"column":2},"end":{"line":99,"column":3}}],"line":96}},"s":{"0":14,"1":14,"2":14,"3":14,"4":14,"5":14,"6":14,"7":20,"8":14,"9":21,"10":1,"11":20,"12":20,"13":20,"14":14,"15":21,"16":20,"17":1,"18":1,"19":14,"20":0,"21":0,"22":14,"23":3,"24":14,"25":18,"26":14,"27":14,"28":2,"29":2,"30":12,"31":14,"32":1,"33":1,"34":1,"35":1,"36":14,"37":14},"f":{"0":20,"1":21,"2":21,"3":0,"4":3,"5":18,"6":14,"7":1},"b":{"0":[1,20],"1":[20,1],"2":[21,20],"3":[2,12]},"_coverageSchema":"1a1c01bbd47fc00a2c39e90264f33305004495a9","hash":"1ac6c78b4bb1ac2e4ec08606658ddb327d7c0c68"}
,"C:\\Users\\user\\Desktop\\personal projects\\deployed apps\\GeoTours\\routes\\reviews.js": {"path":"C:\\Users\\user\\Desktop\\personal projects\\deployed apps\\GeoTours\\routes\\reviews.js","statementMap":{"0":{"start":{"line":1,"column":16},"end":{"line":1,"column":34}},"1":{"start":{"line":3,"column":15},"end":{"line":3,"column":52}},"2":{"start":{"line":5,"column":25},"end":{"line":5,"column":57}},"3":{"start":{"line":6,"column":13},"end":{"line":6,"column":42}},"4":{"start":{"line":8,"column":0},"end":{"line":8,"column":25}},"5":{"start":{"line":10,"column":0},"end":{"line":13,"column":64}},"6":{"start":{"line":15,"column":0},"end":{"line":19,"column":75}},"7":{"start":{"line":21,"column":0},"end":{"line":21,"column":24}}},"fnMap":{},"branchMap":{},"s":{"0":12,"1":12,"2":12,"3":12,"4":12,"5":12,"6":12,"7":12},"f":{},"b":{},"_coverageSchema":"1a1c01bbd47fc00a2c39e90264f33305004495a9","hash":"00eb4129d3e3a585ba5b4bca5a879ceb91b7f948"}
,"C:\\Users\\user\\Desktop\\personal projects\\deployed apps\\GeoTours\\routes\\tours.js": {"path":"C:\\Users\\user\\Desktop\\personal projects\\deployed apps\\GeoTours\\routes\\tours.js","statementMap":{"0":{"start":{"line":1,"column":16},"end":{"line":1,"column":34}},"1":{"start":{"line":3,"column":15},"end":{"line":3,"column":31}},"2":{"start":{"line":5,"column":24},"end":{"line":5,"column":54}},"3":{"start":{"line":6,"column":21},"end":{"line":6,"column":41}},"4":{"start":{"line":7,"column":13},"end":{"line":7,"column":42}},"5":{"start":{"line":10,"column":0},"end":{"line":10,"column":45}},"6":{"start":{"line":13,"column":0},"end":{"line":13,"column":80}},"7":{"start":{"line":15,"column":0},"end":{"line":15,"column":76}},"8":{"start":{"line":18,"column":0},"end":{"line":18,"column":78}},"9":{"start":{"line":20,"column":0},"end":{"line":20,"column":54}},"10":{"start":{"line":21,"column":0},"end":{"line":26,"column":2}},"11":{"start":{"line":28,"column":0},"end":{"line":35,"column":4}},"12":{"start":{"line":37,"column":0},"end":{"line":49,"column":4}},"13":{"start":{"line":51,"column":0},"end":{"line":51,"column":24}}},"fnMap":{},"branchMap":{},"s":{"0":12,"1":12,"2":12,"3":12,"4":12,"5":12,"6":12,"7":12,"8":12,"9":12,"10":12,"11":12,"12":12,"13":12},"f":{},"b":{},"_coverageSchema":"1a1c01bbd47fc00a2c39e90264f33305004495a9","hash":"9d9d141f6d8bf5df1869f143dcf9c7f6fa011b75"}
,"C:\\Users\\user\\Desktop\\personal projects\\deployed apps\\GeoTours\\routes\\users.js": {"path":"C:\\Users\\user\\Desktop\\personal projects\\deployed apps\\GeoTours\\routes\\users.js","statementMap":{"0":{"start":{"line":1,"column":16},"end":{"line":1,"column":34}},"1":{"start":{"line":3,"column":15},"end":{"line":3,"column":31}},"2":{"start":{"line":5,"column":23},"end":{"line":5,"column":53}},"3":{"start":{"line":6,"column":13},"end":{"line":6,"column":42}},"4":{"start":{"line":8,"column":0},"end":{"line":8,"column":36}},"5":{"start":{"line":9,"column":0},"end":{"line":9,"column":34}},"6":{"start":{"line":10,"column":0},"end":{"line":10,"column":52}},"7":{"start":{"line":11,"column":0},"end":{"line":11,"column":58}},"8":{"start":{"line":13,"column":0},"end":{"line":13,"column":25}},"9":{"start":{"line":15,"column":0},"end":{"line":15,"column":53}},"10":{"start":{"line":16,"column":0},"end":{"line":16,"column":51}},"11":{"start":{"line":17,"column":0},"end":{"line":17,"column":52}},"12":{"start":{"line":18,"column":0},"end":{"line":18,"column":78}},"13":{"start":{"line":20,"column":0},"end":{"line":20,"column":37}},"14":{"start":{"line":22,"column":0},"end":{"line":25,"column":35}},"15":{"start":{"line":27,"column":0},"end":{"line":31,"column":37}},"16":{"start":{"line":33,"column":0},"end":{"line":33,"column":24}}},"fnMap":{},"branchMap":{},"s":{"0":12,"1":12,"2":12,"3":12,"4":12,"5":12,"6":12,"7":12,"8":12,"9":12,"10":12,"11":12,"12":12,"13":12,"14":12,"15":12,"16":12},"f":{},"b":{},"_coverageSchema":"1a1c01bbd47fc00a2c39e90264f33305004495a9","hash":"78f11d5f68e7fcdcac775793fd704f20e7ade562"}
,"C:\\Users\\user\\Desktop\\personal projects\\deployed apps\\GeoTours\\utils\\ApiFeatures.js": {"path":"C:\\Users\\user\\Desktop\\personal projects\\deployed apps\\GeoTours\\utils\\ApiFeatures.js","statementMap":{"0":{"start":{"line":3,"column":4},"end":{"line":3,"column":23}},"1":{"start":{"line":4,"column":4},"end":{"line":4,"column":29}},"2":{"start":{"line":9,"column":16},"end":{"line":9,"column":36}},"3":{"start":{"line":10,"column":21},"end":{"line":10,"column":56}},"4":{"start":{"line":11,"column":4},"end":{"line":11,"column":45}},"5":{"start":{"line":11,"column":27},"end":{"line":11,"column":43}},"6":{"start":{"line":12,"column":4},"end":{"line":15,"column":6}},"7":{"start":{"line":14,"column":15},"end":{"line":14,"column":26}},"8":{"start":{"line":16,"column":4},"end":{"line":16,"column":52}},"9":{"start":{"line":17,"column":4},"end":{"line":17,"column":16}},"10":{"start":{"line":22,"column":4},"end":{"line":27,"column":5}},"11":{"start":{"line":23,"column":21},"end":{"line":23,"column":60}},"12":{"start":{"line":24,"column":6},"end":{"line":24,"column":43}},"13":{"start":{"line":26,"column":6},"end":{"line":26,"column":49}},"14":{"start":{"line":28,"column":4},"end":{"line":28,"column":16}},"15":{"start":{"line":33,"column":4},"end":{"line":38,"column":5}},"16":{"start":{"line":34,"column":20},"end":{"line":34,"column":61}},"17":{"start":{"line":35,"column":6},"end":{"line":35,"column":44}},"18":{"start":{"line":37,"column":6},"end":{"line":37,"column":45}},"19":{"start":{"line":39,"column":4},"end":{"line":39,"column":16}},"20":{"start":{"line":44,"column":17},"end":{"line":44,"column":44}},"21":{"start":{"line":45,"column":18},"end":{"line":45,"column":47}},"22":{"start":{"line":46,"column":17},"end":{"line":46,"column":35}},"23":{"start":{"line":47,"column":4},"end":{"line":47,"column":52}},"24":{"start":{"line":48,"column":4},"end":{"line":48,"column":16}},"25":{"start":{"line":52,"column":0},"end":{"line":52,"column":29}}},"fnMap":{"0":{"name":"(anonymous_0)","decl":{"start":{"line":2,"column":2},"end":{"line":2,"column":3}},"loc":{"start":{"line":2,"column":31},"end":{"line":5,"column":3}},"line":2},"1":{"name":"(anonymous_1)","decl":{"start":{"line":7,"column":2},"end":{"line":7,"column":3}},"loc":{"start":{"line":7,"column":11},"end":{"line":18,"column":3}},"line":7},"2":{"name":"(anonymous_2)","decl":{"start":{"line":11,"column":21},"end":{"line":11,"column":22}},"loc":{"start":{"line":11,"column":27},"end":{"line":11,"column":43}},"line":11},"3":{"name":"(anonymous_3)","decl":{"start":{"line":14,"column":6},"end":{"line":14,"column":7}},"loc":{"start":{"line":14,"column":15},"end":{"line":14,"column":26}},"line":14},"4":{"name":"(anonymous_4)","decl":{"start":{"line":20,"column":2},"end":{"line":20,"column":3}},"loc":{"start":{"line":20,"column":12},"end":{"line":29,"column":3}},"line":20},"5":{"name":"(anonymous_5)","decl":{"start":{"line":31,"column":2},"end":{"line":31,"column":3}},"loc":{"start":{"line":31,"column":13},"end":{"line":40,"column":3}},"line":31},"6":{"name":"(anonymous_6)","decl":{"start":{"line":42,"column":2},"end":{"line":42,"column":3}},"loc":{"start":{"line":42,"column":13},"end":{"line":49,"column":3}},"line":42}},"branchMap":{"0":{"loc":{"start":{"line":22,"column":4},"end":{"line":27,"column":5}},"type":"if","locations":[{"start":{"line":22,"column":4},"end":{"line":27,"column":5}},{"start":{"line":22,"column":4},"end":{"line":27,"column":5}}],"line":22},"1":{"loc":{"start":{"line":33,"column":4},"end":{"line":38,"column":5}},"type":"if","locations":[{"start":{"line":33,"column":4},"end":{"line":38,"column":5}},{"start":{"line":33,"column":4},"end":{"line":38,"column":5}}],"line":33},"2":{"loc":{"start":{"line":44,"column":17},"end":{"line":44,"column":44}},"type":"binary-expr","locations":[{"start":{"line":44,"column":17},"end":{"line":44,"column":39}},{"start":{"line":44,"column":43},"end":{"line":44,"column":44}}],"line":44},"3":{"loc":{"start":{"line":45,"column":18},"end":{"line":45,"column":47}},"type":"binary-expr","locations":[{"start":{"line":45,"column":18},"end":{"line":45,"column":41}},{"start":{"line":45,"column":45},"end":{"line":45,"column":47}}],"line":45}},"s":{"0":1,"1":1,"2":1,"3":1,"4":1,"5":4,"6":1,"7":0,"8":1,"9":1,"10":1,"11":0,"12":0,"13":1,"14":1,"15":1,"16":0,"17":0,"18":1,"19":1,"20":1,"21":1,"22":1,"23":1,"24":1,"25":12},"f":{"0":1,"1":1,"2":4,"3":0,"4":1,"5":1,"6":1},"b":{"0":[0,1],"1":[0,1],"2":[1,1],"3":[1,1]},"_coverageSchema":"1a1c01bbd47fc00a2c39e90264f33305004495a9","hash":"149677dcae6c0bd29f9b5c1fff0f63c21e9b4203"}
,"C:\\Users\\user\\Desktop\\personal projects\\deployed apps\\GeoTours\\utils\\appError.js": {"path":"C:\\Users\\user\\Desktop\\personal projects\\deployed apps\\GeoTours\\utils\\appError.js","statementMap":{"0":{"start":{"line":3,"column":4},"end":{"line":3,"column":19}},"1":{"start":{"line":4,"column":4},"end":{"line":4,"column":33}},"2":{"start":{"line":5,"column":4},"end":{"line":5,"column":80}},"3":{"start":{"line":6,"column":4},"end":{"line":6,"column":30}},"4":{"start":{"line":7,"column":4},"end":{"line":7,"column":52}},"5":{"start":{"line":11,"column":0},"end":{"line":11,"column":26}}},"fnMap":{"0":{"name":"(anonymous_0)","decl":{"start":{"line":2,"column":2},"end":{"line":2,"column":3}},"loc":{"start":{"line":2,"column":35},"end":{"line":8,"column":3}},"line":2}},"branchMap":{"0":{"loc":{"start":{"line":5,"column":18},"end":{"line":5,"column":79}},"type":"cond-expr","locations":[{"start":{"line":5,"column":63},"end":{"line":5,"column":69}},{"start":{"line":5,"column":72},"end":{"line":5,"column":79}}],"line":5}},"s":{"0":0,"1":0,"2":0,"3":0,"4":0,"5":13},"f":{"0":0},"b":{"0":[0,0]},"_coverageSchema":"1a1c01bbd47fc00a2c39e90264f33305004495a9","hash":"cf0fe8170e50b0246c3569949409d164fbe14cc2"}
,"C:\\Users\\user\\Desktop\\personal projects\\deployed apps\\GeoTours\\utils\\catchAsync.js": {"path":"C:\\Users\\user\\Desktop\\personal projects\\deployed apps\\GeoTours\\utils\\catchAsync.js","statementMap":{"0":{"start":{"line":1,"column":0},"end":{"line":3,"column":2}},"1":{"start":{"line":2,"column":2},"end":{"line":2,"column":77}},"2":{"start":{"line":2,"column":29},"end":{"line":2,"column":76}}},"fnMap":{"0":{"name":"(anonymous_0)","decl":{"start":{"line":1,"column":17},"end":{"line":1,"column":18}},"loc":{"start":{"line":1,"column":23},"end":{"line":3,"column":1}},"line":1},"1":{"name":"(anonymous_1)","decl":{"start":{"line":2,"column":9},"end":{"line":2,"column":10}},"loc":{"start":{"line":2,"column":29},"end":{"line":2,"column":76}},"line":2}},"branchMap":{},"s":{"0":13,"1":342,"2":35},"f":{"0":342,"1":35},"b":{},"_coverageSchema":"1a1c01bbd47fc00a2c39e90264f33305004495a9","hash":"82111d384ba96b2c1a079028b0627890061d71e4"}
,"C:\\Users\\user\\Desktop\\personal projects\\deployed apps\\GeoTours\\utils\\email.js": {"path":"C:\\Users\\user\\Desktop\\personal projects\\deployed apps\\GeoTours\\utils\\email.js","statementMap":{"0":{"start":{"line":1,"column":19},"end":{"line":1,"column":40}},"1":{"start":{"line":3,"column":18},"end":{"line":21,"column":1}},"2":{"start":{"line":4,"column":22},"end":{"line":11,"column":4}},"3":{"start":{"line":13,"column":18},"end":{"line":18,"column":3}},"4":{"start":{"line":20,"column":2},"end":{"line":20,"column":38}},"5":{"start":{"line":23,"column":0},"end":{"line":23,"column":27}}},"fnMap":{"0":{"name":"(anonymous_0)","decl":{"start":{"line":3,"column":18},"end":{"line":3,"column":19}},"loc":{"start":{"line":3,"column":35},"end":{"line":21,"column":1}},"line":3}},"branchMap":{},"s":{"0":13,"1":13,"2":1,"3":1,"4":1,"5":13},"f":{"0":1},"b":{},"_coverageSchema":"1a1c01bbd47fc00a2c39e90264f33305004495a9","hash":"77da50b27713cfd3bdacc1a9ef947f416711d813"}
}
