TN:
SF:app.js
FN:51,(anonymous_0)
FNF:1
FNH:0
FNDA:0,(anonymous_0)
DA:1,12
DA:2,12
DA:3,12
DA:4,12
DA:5,12
DA:6,12
DA:7,12
DA:8,12
DA:9,12
DA:10,12
DA:12,12
DA:13,12
DA:14,12
DA:15,12
DA:17,12
DA:20,12
DA:21,12
DA:23,12
DA:24,12
DA:25,12
DA:27,12
DA:28,0
DA:31,12
DA:32,12
DA:33,12
DA:39,12
DA:40,12
DA:42,12
DA:43,12
DA:44,12
DA:45,12
DA:47,12
DA:49,0
DA:51,0
DA:52,0
DA:56,12
LF:36
LH:32
BRDA:27,0,0,0
BRDA:27,0,1,12
BRDA:47,1,0,0
BRDA:47,1,1,12
BRF:4
BRH:2
end_of_record
TN:
SF:__test__\utils\db.js
FN:6,(anonymous_0)
FN:15,(anonymous_1)
FNF:2
FNH:2
FNDA:18,(anonymous_0)
FNDA:18,(anonymous_1)
DA:1,14
DA:2,14
DA:4,14
DA:6,14
DA:7,18
DA:15,14
DA:16,18
LF:7
LH:7
BRF:0
BRH:0
end_of_record
TN:
SF:__test__\utils\response.js
FN:2,(anonymous_0)
FN:7,(anonymous_1)
FNF:2
FNH:0
FNDA:0,(anonymous_0)
FNDA:0,(anonymous_1)
DA:1,1
DA:3,0
DA:4,0
DA:8,0
LF:4
LH:1
BRF:0
BRH:0
end_of_record
TN:
SF:controller\auth.js
FN:10,(anonymous_0)
FN:24,(anonymous_1)
FN:63,(anonymous_2)
FN:87,(anonymous_3)
FN:130,(anonymous_4)
FN:131,(anonymous_5)
FN:145,(anonymous_6)
FN:197,(anonymous_7)
FN:224,(anonymous_8)
FNF:9
FNH:8
FNDA:3,(anonymous_0)
FNDA:2,(anonymous_1)
FNDA:3,(anonymous_2)
FNDA:14,(anonymous_3)
FNDA:96,(anonymous_4)
FNDA:6,(anonymous_5)
FNDA:3,(anonymous_6)
FNDA:0,(anonymous_7)
FNDA:3,(anonymous_8)
DA:1,13
DA:2,13
DA:3,13
DA:5,13
DA:6,13
DA:7,13
DA:8,13
DA:10,13
DA:11,3
DA:13,3
DA:14,3
DA:24,13
DA:35,2
DA:37,2
DA:39,2
DA:40,1
DA:45,1
DA:57,1
DA:63,13
DA:64,3
DA:66,3
DA:67,1
DA:73,2
DA:75,2
DA:76,1
DA:82,1
DA:87,13
DA:89,14
DA:93,14
DA:96,14
DA:97,0
DA:103,14
DA:106,14
DA:108,14
DA:109,0
DA:115,14
DA:116,0
DA:122,14
DA:125,14
DA:130,13
DA:131,96
DA:132,6
DA:133,1
DA:138,5
DA:145,13
DA:146,3
DA:147,1
DA:153,2
DA:155,2
DA:156,1
DA:162,1
DA:163,1
DA:165,1
DA:169,1
DA:171,1
DA:172,1
DA:178,1
DA:183,0
DA:184,0
DA:185,0
DA:186,0
DA:188,0
DA:197,13
DA:198,0
DA:203,0
DA:208,0
DA:209,0
DA:212,0
DA:213,0
DA:214,0
DA:215,0
DA:216,0
DA:218,0
DA:224,13
DA:225,3
DA:227,3
DA:228,1
DA:234,2
DA:236,2
DA:237,1
DA:243,1
DA:244,1
DA:245,1
DA:247,1
LF:84
LH:66
BRDA:39,0,0,1
BRDA:39,0,1,1
BRDA:66,1,0,1
BRDA:66,1,1,2
BRDA:66,2,0,3
BRDA:66,2,1,2
BRDA:75,3,0,1
BRDA:75,3,1,1
BRDA:75,4,0,2
BRDA:75,4,1,1
BRDA:89,5,0,14
BRDA:89,5,1,0
BRDA:90,6,0,14
BRDA:90,6,1,14
BRDA:96,7,0,0
BRDA:96,7,1,14
BRDA:108,8,0,0
BRDA:108,8,1,14
BRDA:115,9,0,0
BRDA:115,9,1,14
BRDA:132,10,0,1
BRDA:132,10,1,5
BRDA:146,11,0,1
BRDA:146,11,1,2
BRDA:155,12,0,1
BRDA:155,12,1,1
BRDA:208,13,0,0
BRDA:208,13,1,0
BRDA:227,14,0,1
BRDA:227,14,1,2
BRDA:227,15,0,3
BRDA:227,15,1,2
BRDA:236,16,0,1
BRDA:236,16,1,1
BRDA:236,17,0,2
BRDA:236,17,1,2
BRF:36
BRH:30
end_of_record
TN:
SF:controller\factoryHandler.js
FN:6,(anonymous_0)
FN:7,(anonymous_1)
FN:24,(anonymous_2)
FN:25,(anonymous_3)
FN:47,(anonymous_4)
FN:48,(anonymous_5)
FN:58,(anonymous_6)
FN:59,(anonymous_7)
FN:80,(anonymous_8)
FN:81,(anonymous_9)
FNF:10
FNH:10
FNDA:24,(anonymous_0)
FNDA:1,(anonymous_1)
FNDA:24,(anonymous_2)
FNDA:1,(anonymous_3)
FNDA:24,(anonymous_4)
FNDA:1,(anonymous_5)
FNDA:24,(anonymous_6)
FNDA:2,(anonymous_7)
FNDA:36,(anonymous_8)
FNDA:1,(anonymous_9)
DA:1,12
DA:2,12
DA:3,12
DA:6,12
DA:7,24
DA:8,1
DA:10,1
DA:11,0
DA:17,1
DA:24,12
DA:25,24
DA:26,1
DA:28,1
DA:29,0
DA:35,1
DA:40,1
DA:47,12
DA:48,24
DA:49,1
DA:51,1
DA:58,12
DA:59,24
DA:60,2
DA:62,2
DA:63,0
DA:65,2
DA:67,2
DA:68,0
DA:73,2
DA:80,12
DA:81,36
DA:82,1
DA:83,1
DA:84,1
DA:89,1
DA:91,1
LF:36
LH:32
BRDA:10,0,0,0
BRDA:10,0,1,1
BRDA:28,1,0,0
BRDA:28,1,1,1
BRDA:62,2,0,0
BRDA:62,2,1,2
BRDA:67,3,0,0
BRDA:67,3,1,2
BRDA:83,4,0,0
BRDA:83,4,1,1
BRF:10
BRH:5
end_of_record
TN:
SF:controller\globalError.js
FN:4,(anonymous_0)
FN:14,(anonymous_1)
FN:31,(anonymous_2)
FN:37,(anonymous_3)
FN:44,(anonymous_4)
FN:50,(anonymous_5)
FN:52,(anonymous_6)
FN:55,(anonymous_7)
FNF:8
FNH:0
FNDA:0,(anonymous_0)
FNDA:0,(anonymous_1)
FNDA:0,(anonymous_2)
FNDA:0,(anonymous_3)
FNDA:0,(anonymous_4)
FNDA:0,(anonymous_5)
FNDA:0,(anonymous_6)
FNDA:0,(anonymous_7)
DA:1,12
DA:4,12
DA:5,0
DA:14,12
DA:15,0
DA:16,0
DA:22,0
DA:23,0
DA:31,12
DA:32,0
DA:33,0
DA:37,12
DA:39,0
DA:40,0
DA:44,12
DA:45,0
DA:46,0
DA:50,12
DA:52,12
DA:53,0
DA:55,12
DA:56,0
DA:57,0
DA:59,0
DA:60,0
DA:61,0
DA:62,0
DA:63,0
DA:65,0
DA:66,0
DA:67,0
DA:68,0
DA:69,0
DA:71,0
LF:34
LH:9
BRDA:15,0,0,0
BRDA:15,0,1,0
BRDA:56,1,0,0
BRDA:56,1,1,0
BRDA:57,2,0,0
BRDA:57,2,1,0
BRDA:59,3,0,0
BRDA:59,3,1,0
BRDA:61,4,0,0
BRDA:61,4,1,0
BRDA:65,5,0,0
BRDA:65,5,1,0
BRDA:66,6,0,0
BRDA:66,6,1,0
BRDA:67,7,0,0
BRDA:67,7,1,0
BRDA:68,8,0,0
BRDA:68,8,1,0
BRDA:69,9,0,0
BRDA:69,9,1,0
BRF:20
BRH:0
end_of_record
TN:
SF:controller\reviews.js
FN:14,(anonymous_0)
FN:32,(anonymous_1)
FN:46,(anonymous_2)
FN:75,(anonymous_3)
FNF:4
FNH:0
FNDA:0,(anonymous_0)
FNDA:0,(anonymous_1)
FNDA:0,(anonymous_2)
FNDA:0,(anonymous_3)
DA:1,12
DA:2,12
DA:3,12
DA:4,12
DA:9,12
DA:14,12
DA:15,0
DA:17,0
DA:18,0
DA:23,0
DA:32,12
DA:33,0
DA:34,0
DA:35,0
DA:37,0
DA:46,12
DA:47,0
DA:49,0
DA:50,0
DA:55,0
DA:56,0
DA:61,0
DA:66,0
DA:75,12
DA:76,0
DA:78,0
DA:79,0
DA:85,0
DA:86,0
DA:91,0
DA:93,0
LF:31
LH:9
BRDA:17,0,0,0
BRDA:17,0,1,0
BRDA:49,1,0,0
BRDA:49,1,1,0
BRDA:55,2,0,0
BRDA:55,2,1,0
BRDA:55,3,0,0
BRDA:55,3,1,0
BRDA:78,4,0,0
BRDA:78,4,1,0
BRDA:85,5,0,0
BRDA:85,5,1,0
BRDA:85,6,0,0
BRDA:85,6,1,0
BRF:14
BRH:0
end_of_record
TN:
SF:controller\tours.js
FN:10,(anonymous_0)
FN:44,(anonymous_1)
FN:75,(anonymous_2)
FN:116,(anonymous_3)
FN:145,(anonymous_4)
FNF:5
FNH:0
FNDA:0,(anonymous_0)
FNDA:0,(anonymous_1)
FNDA:0,(anonymous_2)
FNDA:0,(anonymous_3)
FNDA:0,(anonymous_4)
DA:1,12
DA:3,12
DA:4,12
DA:5,12
DA:10,12
DA:11,0
DA:12,0
DA:13,0
DA:14,0
DA:20,12
DA:24,12
DA:31,12
DA:35,12
DA:39,12
DA:44,12
DA:45,0
DA:46,0
DA:48,0
DA:50,0
DA:51,0
DA:59,0
DA:65,0
DA:75,12
DA:76,0
DA:78,0
DA:80,0
DA:81,0
DA:89,0
DA:91,0
DA:107,0
DA:116,12
DA:117,0
DA:136,0
DA:145,12
DA:146,0
DA:147,0
DA:179,0
LF:37
LH:14
BRDA:48,0,0,0
BRDA:48,0,1,0
BRDA:50,1,0,0
BRDA:50,1,1,0
BRDA:50,2,0,0
BRDA:50,2,1,0
BRDA:80,3,0,0
BRDA:80,3,1,0
BRDA:80,4,0,0
BRDA:80,4,1,0
BRDA:89,5,0,0
BRDA:89,5,1,0
BRF:12
BRH:0
end_of_record
TN:
SF:controller\users.js
FN:8,(anonymous_0)
FN:36,(anonymous_1)
FN:47,(anonymous_2)
FNF:3
FNH:3
FNDA:2,(anonymous_0)
FNDA:1,(anonymous_1)
FNDA:1,(anonymous_2)
DA:1,12
DA:2,12
DA:3,12
DA:8,12
DA:9,2
DA:11,2
DA:12,1
DA:18,1
DA:27,1
DA:36,12
DA:37,1
DA:38,1
DA:47,12
DA:48,1
DA:49,1
DA:55,12
DA:59,12
DA:63,12
DA:67,12
DA:71,12
LF:20
LH:20
BRDA:11,0,0,1
BRDA:11,0,1,1
BRF:2
BRH:2
end_of_record
TN:
SF:models\Reviews.js
FN:33,(anonymous_0)
FN:42,(anonymous_1)
FN:68,(anonymous_2)
FN:73,(anonymous_3)
FN:78,(anonymous_4)
FNF:5
FNH:0
FNDA:0,(anonymous_0)
FNDA:0,(anonymous_1)
FNDA:0,(anonymous_2)
FNDA:0,(anonymous_3)
FNDA:0,(anonymous_4)
DA:1,12
DA:3,12
DA:5,12
DA:31,12
DA:33,12
DA:34,0
DA:38,0
DA:42,12
DA:43,0
DA:55,0
DA:56,0
DA:61,0
DA:68,12
DA:69,0
DA:73,12
DA:74,0
DA:75,0
DA:78,12
DA:79,0
DA:82,12
DA:83,12
LF:21
LH:11
BRDA:55,0,0,0
BRDA:55,0,1,0
BRF:2
BRH:0
end_of_record
TN:
SF:models\Tours.js
FN:35,(anonymous_0)
FN:75,(anonymous_1)
FN:115,(anonymous_2)
FN:120,(anonymous_3)
FN:126,(anonymous_4)
FN:132,(anonymous_5)
FNF:6
FNH:0
FNDA:0,(anonymous_0)
FNDA:0,(anonymous_1)
FNDA:0,(anonymous_2)
FNDA:0,(anonymous_3)
FNDA:0,(anonymous_4)
FNDA:0,(anonymous_5)
DA:1,12
DA:2,12
DA:4,12
DA:6,12
DA:35,0
DA:76,0
DA:110,12
DA:111,12
DA:112,12
DA:115,12
DA:116,0
DA:120,12
DA:121,0
DA:122,0
DA:126,12
DA:127,0
DA:128,0
DA:132,12
DA:133,0
DA:137,0
DA:141,12
DA:147,12
DA:148,12
LF:23
LH:14
BRF:0
BRH:0
end_of_record
TN:
SF:models\Users.js
FN:33,(anonymous_0)
FN:59,(anonymous_1)
FN:67,(anonymous_2)
FN:74,(anonymous_3)
FN:80,(anonymous_4)
FN:88,(anonymous_5)
FN:95,(anonymous_6)
FN:104,(anonymous_7)
FNF:8
FNH:7
FNDA:20,(anonymous_0)
FNDA:21,(anonymous_1)
FNDA:21,(anonymous_2)
FNDA:0,(anonymous_3)
FNDA:3,(anonymous_4)
FNDA:18,(anonymous_5)
FNDA:14,(anonymous_6)
FNDA:1,(anonymous_7)
DA:1,14
DA:2,14
DA:3,14
DA:4,14
DA:5,14
DA:7,14
DA:9,14
DA:34,20
DA:59,14
DA:60,21
DA:61,20
DA:62,20
DA:63,20
DA:67,14
DA:68,21
DA:69,1
DA:70,1
DA:74,14
DA:75,0
DA:76,0
DA:80,14
DA:84,3
DA:88,14
DA:89,18
DA:95,14
DA:96,14
DA:97,2
DA:98,2
DA:100,12
DA:104,14
DA:105,1
DA:107,1
DA:111,1
DA:113,1
DA:116,14
DA:117,14
LF:36
LH:34
BRDA:60,0,0,1
BRDA:60,0,1,20
BRDA:68,1,0,20
BRDA:68,1,1,1
BRDA:68,2,0,21
BRDA:68,2,1,20
BRDA:96,3,0,2
BRDA:96,3,1,12
BRF:8
BRH:8
end_of_record
TN:
SF:routes\reviews.js
FNF:0
FNH:0
DA:1,12
DA:3,12
DA:5,12
DA:6,12
DA:8,12
DA:10,12
DA:15,12
DA:21,12
LF:8
LH:8
BRF:0
BRH:0
end_of_record
TN:
SF:routes\tours.js
FNF:0
FNH:0
DA:1,12
DA:3,12
DA:5,12
DA:6,12
DA:7,12
DA:10,12
DA:13,12
DA:15,12
DA:18,12
DA:20,12
DA:21,12
DA:28,12
DA:37,12
DA:51,12
LF:14
LH:14
BRF:0
BRH:0
end_of_record
TN:
SF:routes\users.js
FNF:0
FNH:0
DA:1,12
DA:3,12
DA:5,12
DA:6,12
DA:8,12
DA:9,12
DA:10,12
DA:11,12
DA:13,12
DA:15,12
DA:16,12
DA:17,12
DA:18,12
DA:20,12
DA:22,12
DA:27,12
DA:33,12
LF:17
LH:17
BRF:0
BRH:0
end_of_record
TN:
SF:utils\ApiFeatures.js
FN:2,(anonymous_0)
FN:7,(anonymous_1)
FN:11,(anonymous_2)
FN:14,(anonymous_3)
FN:20,(anonymous_4)
FN:31,(anonymous_5)
FN:42,(anonymous_6)
FNF:7
FNH:6
FNDA:1,(anonymous_0)
FNDA:1,(anonymous_1)
FNDA:4,(anonymous_2)
FNDA:0,(anonymous_3)
FNDA:1,(anonymous_4)
FNDA:1,(anonymous_5)
FNDA:1,(anonymous_6)
DA:3,1
DA:4,1
DA:9,1
DA:10,1
DA:11,4
DA:12,1
DA:14,0
DA:16,1
DA:17,1
DA:22,1
DA:23,0
DA:24,0
DA:26,1
DA:28,1
DA:33,1
DA:34,0
DA:35,0
DA:37,1
DA:39,1
DA:44,1
DA:45,1
DA:46,1
DA:47,1
DA:48,1
DA:52,12
LF:25
LH:20
BRDA:22,0,0,0
BRDA:22,0,1,1
BRDA:33,1,0,0
BRDA:33,1,1,1
BRDA:44,2,0,1
BRDA:44,2,1,1
BRDA:45,3,0,1
BRDA:45,3,1,1
BRF:8
BRH:6
end_of_record
TN:
SF:utils\appError.js
FN:2,(anonymous_0)
FNF:1
FNH:0
FNDA:0,(anonymous_0)
DA:3,0
DA:4,0
DA:5,0
DA:6,0
DA:7,0
DA:11,13
LF:6
LH:1
BRDA:5,0,0,0
BRDA:5,0,1,0
BRF:2
BRH:0
end_of_record
TN:
SF:utils\catchAsync.js
FN:1,(anonymous_0)
FN:2,(anonymous_1)
FNF:2
FNH:2
FNDA:342,(anonymous_0)
FNDA:35,(anonymous_1)
DA:1,13
DA:2,342
LF:2
LH:2
BRF:0
BRH:0
end_of_record
TN:
SF:utils\email.js
FN:3,(anonymous_0)
FNF:1
FNH:1
FNDA:1,(anonymous_0)
DA:1,13
DA:3,13
DA:4,1
DA:13,1
DA:20,1
DA:23,13
LF:6
LH:6
BRF:0
BRH:0
end_of_record
